#
# A fatal error has been detected by the Java Runtime Environment:
#
#  EXCEPTION_ACCESS_VIOLATION (0xc0000005) at pc=0x00007ffa7bf7fb19, pid=3828, tid=6848
#
# JRE version: OpenJDK Runtime Environment Temurin-11.0.13+8 (11.0.13+8) (build 11.0.13+8)
# Java VM: OpenJDK 64-Bit Server VM Temurin-11.0.13+8 (11.0.13+8, mixed mode, tiered, compressed oops, g1 gc, windows-amd64)
# Problematic frame:
# V  [jvm.dll+0x2dfb19]
#
# No core dump will be written. Minidumps are not enabled by default on client versions of Windows
#
# If you would like to submit a bug report, please visit:
#   https://github.com/adoptium/adoptium-support/issues
#

---------------  S U M M A R Y ------------

Command Line: -Dmaven.multiModuleProjectDirectory=C:\Users\CDS\Documents\CDS-ProyectoStruts2 -Dmaven.home=C:\Program Files\JetBrains\IntelliJ IDEA 2022.1\plugins\maven\lib\maven3 -Dclassworlds.conf=C:\Program Files\JetBrains\IntelliJ IDEA 2022.1\plugins\maven\lib\maven3\bin\m2.conf -Dmaven.ext.class.path=C:\Program Files\JetBrains\IntelliJ IDEA 2022.1\plugins\maven\lib\maven-event-listener.jar -javaagent:C:\Program Files\JetBrains\IntelliJ IDEA 2022.1\lib\idea_rt.jar=63186:C:\Program Files\JetBrains\IntelliJ IDEA 2022.1\bin -Dfile.encoding=UTF-8 org.codehaus.classworlds.Launcher -Didea.version=2022.1 jetty:run

Host: Intel(R) Core(TM) i3 CPU         550  @ 3.20GHz, 4 cores, 7G,  Windows 10 , 64 bit Build 19041 (10.0.19041.1503)
Time: Thu May 19 15:05:12 2022 Hora de verano central (México) elapsed time: 8975.178216 seconds (0d 2h 29m 35s)

---------------  T H R E A D  ---------------

Current thread (0x0000026201d8d000):  GCTaskThread "GC Thread#3" [stack: 0x000000f919e00000,0x000000f919f00000] [id=6848]

Stack: [0x000000f919e00000,0x000000f919f00000],  sp=0x000000f919eff330,  free space=1020k
Native frames: (J=compiled Java code, j=interpreted, Vv=VM code, C=native code)
V  [jvm.dll+0x2dfb19]
V  [jvm.dll+0x306ec8]
V  [jvm.dll+0x314cae]
V  [jvm.dll+0x31366c]
V  [jvm.dll+0x2b9870]
V  [jvm.dll+0x2b9791]
V  [jvm.dll+0x2e5d95]
V  [jvm.dll+0x313d06]
V  [jvm.dll+0x2e8709]
V  [jvm.dll+0x7d9820]
V  [jvm.dll+0x7649d4]
V  [jvm.dll+0x61bb16]
C  [ucrtbase.dll+0x21bb2]
C  [KERNEL32.DLL+0x17034]
C  [ntdll.dll+0x52651]


siginfo: EXCEPTION_ACCESS_VIOLATION (0xc0000005), reading address 0x00003a35b3fb51d8


Register to memory mapping:

RIP=0x00007ffa7bf7fb19 jvm.dll
RAX=0x0000026260b754f0 points into unknown readable memory: 0x0000000000000000 | 00 00 00 00 00 00 00 00
RBX=0x0000026205e743b0 points into unknown readable memory: 0x00007ffa7c556588 | 88 65 55 7c fa 7f 00 00
RCX=0x0000000000000014 is an unknown value
RDX=0x0000026260bf8450 points into unknown readable memory: 0x00007ffa7c55e0a8 | a8 e0 55 7c fa 7f 00 00
RSP=0x000000f919eff330 points into unknown readable memory: 0x0000026260b66c10 | 10 6c b6 60 62 02 00 00
RBP=0x0000000000000100 is an unknown value
RSI=0x0000026205e743b0 points into unknown readable memory: 0x00007ffa7c556588 | 88 65 55 7c fa 7f 00 00
RDI=0x0000026260b66b90 points into unknown readable memory: 0x000000000000cb06 | 06 cb 00 00 00 00 00 00
R8 =0x0000000088c00dd4 is pointing into object: sun.net.www.protocol.jar.URLJarFile 
{0x0000000088c00dc0} - klass: 'sun/net/www/protocol/jar/URLJarFile'
R9 =0x000006fa6a687f9d is an unknown value
R10=0x0000000088c00dd4 is pointing into object: sun.net.www.protocol.jar.URLJarFile 
{0x0000000088c00dc0} - klass: 'sun/net/www/protocol/jar/URLJarFile'
R11=0x0000026205e74520 points into unknown readable memory: 0x00007ffa7c556540 | 40 65 55 7c fa 7f 00 00
R12=0x0 is NULL
R13=0x00007ffa7c5570a0 jvm.dll
R14=0x0000026260b66c10 points into unknown readable memory: 0x0000bc6a0000cb06 | 06 cb 00 00 6a bc 00 00
R15=0x0000000000000040 is an unknown value


Registers:
RAX=0x0000026260b754f0, RBX=0x0000026205e743b0, RCX=0x0000000000000014, RDX=0x0000026260bf8450
RSP=0x000000f919eff330, RBP=0x0000000000000100, RSI=0x0000026205e743b0, RDI=0x0000026260b66b90
R8 =0x0000000088c00dd4, R9 =0x000006fa6a687f9d, R10=0x0000000088c00dd4, R11=0x0000026205e74520
R12=0x0000000000000000, R13=0x00007ffa7c5570a0, R14=0x0000026260b66c10, R15=0x0000000000000040
RIP=0x00007ffa7bf7fb19, EFLAGS=0x0000000000010203

Top of Stack: (sp=0x000000f919eff330)
0x000000f919eff330:   0000026260b66c10 00007ffa7c5570a0
0x000000f919eff340:   0000000000000000 0000026260b66b90
0x000000f919eff350:   0000000088c00dd4 00007ffa7bfa6ec8
0x000000f919eff360:   00000000887a83f0 00000000887a8600
0x000000f919eff370:   0000000ebe701409 0000000088c00ce4
0x000000f919eff380:   0000000000000000 0000000088c00dd5
0x000000f919eff390:   000000f919eff420 00007ffa7bfaf450
0x000000f919eff3a0:   00000000887a85e0 00000000887a7c20
0x000000f919eff3b0:   0000000000000100 000000f919eff5c8
0x000000f919eff3c0:   000000f919eff5a0 0000000000000055
0x000000f919eff3d0:   0000000000000000 0000026260b65b20
0x000000f919eff3e0:   0000026205e743b0 00007ffa7bfb4cae
0x000000f919eff3f0:   0000000000000000 00007ffa7c2b683f
0x000000f919eff400:   00000000887a8600 0000000000000040
0x000000f919eff410:   00000014e59a3fa9 00001a0f00197600
0x000000f919eff420:   00000014e59a3fa9 00001a0f00197600 

Instructions: (pc=0x00007ffa7bf7fb19)
0x00007ffa7bf7fa19:   48 89 1c c8 48 ff 47 20 48 8b 5c 24 30 48 83 c4
0x00007ffa7bf7fa29:   20 5f c3 cc cc cc cc 48 89 5c 24 08 57 48 83 ec
0x00007ffa7bf7fa39:   20 48 8b 41 18 48 8b fa 48 8b 58 10 48 8b cb e8
0x00007ffa7bf7fa49:   c3 7c 00 00 84 c0 75 29 48 81 c3 90 00 00 00 48
0x00007ffa7bf7fa59:   8b 4b 20 48 3b 4b 08 75 0c 48 8b cb e8 76 09 f6
0x00007ffa7bf7fa69:   ff 48 8b 4b 20 48 8b 43 38 48 89 3c c8 48 ff 43
0x00007ffa7bf7fa79:   20 48 8b 5c 24 30 48 83 c4 20 5f c3 cc cc cc cc
0x00007ffa7bf7fa89:   cc cc cc cc cc cc cc 48 89 5c 24 08 57 48 83 ec
0x00007ffa7bf7fa99:   20 48 8b 79 10 48 8b da 48 83 cb 01 48 8b cf 48
0x00007ffa7bf7faa9:   8b d3 e8 60 7c 00 00 84 c0 75 29 48 81 c7 90 00
0x00007ffa7bf7fab9:   00 00 48 8b 4f 20 48 3b 4f 08 75 0c 48 8b cf e8
0x00007ffa7bf7fac9:   13 09 f6 ff 48 8b 4f 20 48 8b 47 38 48 89 1c c8
0x00007ffa7bf7fad9:   48 ff 47 20 48 8b 5c 24 30 48 83 c4 20 5f c3 cc
0x00007ffa7bf7fae9:   cc cc cc cc cc cc cc 40 53 48 83 ec 20 8b 82 04
0x00007ffa7bf7faf9:   01 00 00 48 8b d9 d1 e8 a8 01 75 6b 48 8b 41 08
0x00007ffa7bf7fb09:   8b 88 c0 02 00 00 48 8b 80 b0 02 00 00 49 d3 e9
0x00007ffa7bf7fb19:   4a 8b 14 c8 48 8b 82 f8 00 00 00 83 b8 18 01 00
0x00007ffa7bf7fb29:   00 00 74 43 48 8b 4b 50 48 89 7c 24 30 49 c1 e8
0x00007ffa7bf7fb39:   09 48 8b 79 48 48 2b 79 40 49 03 f8 48 8b d7 e8
0x00007ffa7bf7fb49:   d3 ca ff ff 84 c0 74 1a 80 7b 28 00 48 8d 4b 18
0x00007ffa7bf7fb59:   74 10 48 8b 43 50 48 8b 50 40 48 03 d7 e8 e5 71
0x00007ffa7bf7fb69:   38 00 48 8b 7c 24 30 48 83 c4 20 5b c3 cc cc cc
0x00007ffa7bf7fb79:   cc cc cc cc cc cc cc 40 53 48 83 ec 50 48 89 74
0x00007ffa7bf7fb89:   24 68 48 8b d9 48 89 7c 24 70 48 8b fa 4c 89 6c
0x00007ffa7bf7fb99:   24 40 4c 89 74 24 38 e8 4b 60 f1 ff 48 8d 05 94
0x00007ffa7bf7fba9:   09 5d 00 48 89 7b 58 45 33 ed 48 89 03 48 8d 4b
0x00007ffa7bf7fbb9:   68 4c 89 6b 48 4c 89 6b 60 e8 69 01 41 00 48 8d
0x00007ffa7bf7fbc9:   4b 78 4c 8d 05 a6 84 5b 00 48 8d 15 ff 12 5d 00
0x00007ffa7bf7fbd9:   e8 a2 0b 2e 00 48 8d 8b 40 01 00 00 4c 8d 05 9c
0x00007ffa7bf7fbe9:   84 5b 00 48 8d 15 fd 12 5d 00 e8 88 0b 2e 00 41
0x00007ffa7bf7fbf9:   8d 55 05 4c 89 ab 08 02 00 00 45 33 c0 4c 89 ab
0x00007ffa7bf7fc09:   10 02 00 00 4c 89 ab 18 02 00 00 8d 4a 03 e8 f4 


Stack slot to memory mapping:
stack at sp + 0 slots: 0x0000026260b66c10 points into unknown readable memory: 0x0000bc6a0000cb06 | 06 cb 00 00 6a bc 00 00
stack at sp + 1 slots: 0x00007ffa7c5570a0 jvm.dll
stack at sp + 2 slots: 0x0 is NULL
stack at sp + 3 slots: 0x0000026260b66b90 points into unknown readable memory: 0x000000000000cb06 | 06 cb 00 00 00 00 00 00
stack at sp + 4 slots: 0x0000000088c00dd4 is pointing into object: sun.net.www.protocol.jar.URLJarFile 
{0x0000000088c00dc0} - klass: 'sun/net/www/protocol/jar/URLJarFile'
stack at sp + 5 slots: 0x00007ffa7bfa6ec8 jvm.dll
stack at sp + 6 slots: 0x00000000887a83f0 is an oop: [B 
{0x00000000887a83f0} - klass: {type array byte}
 - length: 19
stack at sp + 7 slots: 0x00000000887a8600 is pointing into object: java.util.concurrent.ConcurrentHashMap$Node 
{0x00000000887a85f0} - klass: 'java/util/concurrent/ConcurrentHashMap$Node'


---------------  P R O C E S S  ---------------

Threads class SMR info:
_java_thread_list=0x000002620e0d9c10, length=34, elements={
0x0000026260b4c800, 0x000002627f1ba800, 0x000002627f1c3800, 0x000002627fb62800,
0x000002627f1cf000, 0x000002627f1d0000, 0x000002627f1d7000, 0x000002627f1e4800,
0x000002627f1e9000, 0x000002627f14f000, 0x000002627fdda800, 0x000002620362a800,
0x00000262012b9800, 0x00000262012ba800, 0x00000262011c9000, 0x00000262016c5800,
0x0000026204c8a800, 0x00000262066ef800, 0x00000262066f0000, 0x0000026201280800,
0x0000026201288800, 0x0000026201289800, 0x000002620128a800, 0x0000026201282000,
0x0000026201285800, 0x0000026201286000, 0x0000026201287000, 0x0000026201284800,
0x0000026201288000, 0x000002620128e800, 0x0000026201284000, 0x000002620128b000,
0x000002620128f000, 0x0000026201281800
}

Java Threads: ( => current thread )
  0x0000026260b4c800 JavaThread "main" [_thread_blocked, id=6416, stack(0x000000f918000000,0x000000f918100000)]
  0x000002627f1ba800 JavaThread "Reference Handler" daemon [_thread_blocked, id=6772, stack(0x000000f918700000,0x000000f918800000)]
  0x000002627f1c3800 JavaThread "Finalizer" daemon [_thread_blocked, id=2908, stack(0x000000f918800000,0x000000f918900000)]
  0x000002627fb62800 JavaThread "Signal Dispatcher" daemon [_thread_blocked, id=4656, stack(0x000000f918900000,0x000000f918a00000)]
  0x000002627f1cf000 JavaThread "Attach Listener" daemon [_thread_blocked, id=3640, stack(0x000000f918a00000,0x000000f918b00000)]
  0x000002627f1d0000 JavaThread "Service Thread" daemon [_thread_blocked, id=8432, stack(0x000000f918b00000,0x000000f918c00000)]
  0x000002627f1d7000 JavaThread "C2 CompilerThread0" daemon [_thread_blocked, id=12572, stack(0x000000f918c00000,0x000000f918d00000)]
  0x000002627f1e4800 JavaThread "C1 CompilerThread0" daemon [_thread_blocked, id=13996, stack(0x000000f918d00000,0x000000f918e00000)]
  0x000002627f1e9000 JavaThread "Sweeper thread" daemon [_thread_blocked, id=14736, stack(0x000000f918e00000,0x000000f918f00000)]
  0x000002627f14f000 JavaThread "Common-Cleaner" daemon [_thread_blocked, id=14348, stack(0x000000f918f00000,0x000000f919000000)]
  0x000002627fdda800 JavaThread "Monitor Ctrl-Break" daemon [_thread_in_native, id=14096, stack(0x000000f919000000,0x000000f919100000)]
  0x000002620362a800 JavaThread "ShutdownMonitor" daemon [_thread_in_native, id=13160, stack(0x000000f919500000,0x000000f919600000)]
  0x00000262012b9800 JavaThread "qtp144486215-18-acceptor-0@47048098-ServerConnector@c1f0c7b{HTTP/1.1,[http/1.1]}{0.0.0.0:8080}" [_thread_in_native, id=8136, stack(0x000000f919700000,0x000000f919800000)]
  0x00000262012ba800 JavaThread "qtp144486215-19" [_thread_blocked, id=8588, stack(0x000000f919800000,0x000000f919900000)]
  0x00000262011c9000 JavaThread "qtp144486215-20" [_thread_in_native, id=11012, stack(0x000000f919900000,0x000000f919a00000)]
  0x00000262016c5800 JavaThread "qtp144486215-23" [_thread_blocked, id=14744, stack(0x000000f919c00000,0x000000f919d00000)]
  0x0000026204c8a800 JavaThread "qtp144486215-24" [_thread_blocked, id=6012, stack(0x000000f919d00000,0x000000f919e00000)]
  0x00000262066ef800 JavaThread "Scheduler-1114834984" [_thread_blocked, id=4056, stack(0x000000f919f00000,0x000000f91a000000)]
  0x00000262066f0000 JavaThread "mysql-cj-abandoned-connection-cleanup" daemon [_thread_blocked, id=6680, stack(0x000000f91a200000,0x000000f91a300000)]
  0x0000026201280800 JavaThread "mysql-cj-abandoned-connection-cleanup" daemon [_thread_blocked, id=8724, stack(0x000000f91a000000,0x000000f91a100000)]
  0x0000026201288800 JavaThread "mysql-cj-abandoned-connection-cleanup" daemon [_thread_blocked, id=6032, stack(0x000000f91a400000,0x000000f91a500000)]
  0x0000026201289800 JavaThread "mysql-cj-abandoned-connection-cleanup" daemon [_thread_blocked, id=11168, stack(0x000000f91a100000,0x000000f91a200000)]
  0x000002620128a800 JavaThread "mysql-cj-abandoned-connection-cleanup" daemon [_thread_blocked, id=224, stack(0x000000f917f00000,0x000000f918000000)]
  0x0000026201282000 JavaThread "mysql-cj-abandoned-connection-cleanup" daemon [_thread_blocked, id=4444, stack(0x000000f91a500000,0x000000f91a600000)]
  0x0000026201285800 JavaThread "mysql-cj-abandoned-connection-cleanup" daemon [_thread_blocked, id=10544, stack(0x000000f91a700000,0x000000f91a800000)]
  0x0000026201286000 JavaThread "mysql-cj-abandoned-connection-cleanup" daemon [_thread_blocked, id=9904, stack(0x000000f91a800000,0x000000f91a900000)]
  0x0000026201287000 JavaThread "qtp144486215-96" [_thread_blocked, id=13576, stack(0x000000f919a00000,0x000000f919b00000)]
  0x0000026201284800 JavaThread "qtp144486215-102" [_thread_blocked, id=7008, stack(0x000000f919600000,0x000000f919700000)]
  0x0000026201288000 JavaThread "PathWatcher@432eb882" daemon [_thread_blocked, id=5484, stack(0x000000f91aa00000,0x000000f91ab00000)]
  0x000002620128e800 JavaThread "mysql-cj-abandoned-connection-cleanup" daemon [_thread_blocked, id=14356, stack(0x000000f91a900000,0x000000f91aa00000)]
  0x0000026201284000 JavaThread "qtp144486215-116" [_thread_blocked, id=15116, stack(0x000000f917d00000,0x000000f917e00000)]
  0x000002620128b000 JavaThread "qtp144486215-117" [_thread_blocked, id=4992, stack(0x000000f919b00000,0x000000f919c00000)]
  0x000002620128f000 JavaThread "qtp144486215-118" [_thread_blocked, id=10344, stack(0x000000f91a300000,0x000000f91a400000)]
  0x0000026201281800 JavaThread "qtp144486215-119" [_thread_blocked, id=14276, stack(0x000000f917e00000,0x000000f917f00000)]

Other Threads:
  0x000002627f195800 VMThread "VM Thread" [stack: 0x000000f918600000,0x000000f918700000] [id=3556]
  0x000002627fddb000 WatcherThread [stack: 0x000000f919100000,0x000000f919200000] [id=4296]
  0x0000026260b64800 GCTaskThread "GC Thread#0" [stack: 0x000000f918100000,0x000000f918200000] [id=5048]
  0x0000026200539000 GCTaskThread "GC Thread#1" [stack: 0x000000f919200000,0x000000f919300000] [id=9976]
  0x0000026200481000 GCTaskThread "GC Thread#2" [stack: 0x000000f919300000,0x000000f919400000] [id=6640]
=>0x0000026201d8d000 GCTaskThread "GC Thread#3" [stack: 0x000000f919e00000,0x000000f919f00000] [id=6848]
  0x0000026260b95000 ConcurrentGCThread "G1 Main Marker" [stack: 0x000000f918200000,0x000000f918300000] [id=12964]
  0x0000026260b96800 ConcurrentGCThread "G1 Conc#0" [stack: 0x000000f918300000,0x000000f918400000] [id=9024]
  0x0000026260c27800 ConcurrentGCThread "G1 Refine#0" [stack: 0x000000f918400000,0x000000f918500000] [id=10320]
  0x00000262012b8800 ConcurrentGCThread "G1 Refine#1" [stack: 0x000000f919400000,0x000000f919500000] [id=7884]
  0x0000026260c29800 ConcurrentGCThread "G1 Young RemSet Sampling" [stack: 0x000000f918500000,0x000000f918600000] [id=4260]

Threads with active compile tasks:

VM state:at safepoint (normal execution)

VM Mutex/Monitor currently owned by a thread:  ([mutex/lock_event])
[0x0000026260b48830] Threads_lock - owner thread: 0x000002627f195800
[0x0000026260b491c0] Heap_lock - owner thread: 0x0000026201287000

Heap address: 0x0000000083200000, size: 1998 MB, Compressed Oops mode: 32-bit
Narrow klass base: 0x0000000000000000, Narrow klass shift: 3
Compressed class space size: 1073741824 Address: 0x0000000100000000

Heap:
 garbage-first heap   total 337920K, used 268996K [0x0000000083200000, 0x0000000100000000)
  region size 1024K, 156 young (159744K), 4 survivors (4096K)
 Metaspace       used 227659K, capacity 230838K, committed 231084K, reserved 1253376K
  class space    used 26269K, capacity 27092K, committed 27136K, reserved 1048576K
Heap Regions: E=young(eden), S=young(survivor), O=old, HS=humongous(starts), HC=humongous(continues), CS=collection set, F=free, A=archive, TAMS=top-at-mark-start (previous, next)
|   0|0x0000000083200000, 0x0000000083300000, 0x0000000083300000|100%| O|  |TAMS 0x0000000083300000, 0x0000000083200000| Untracked 
|   1|0x0000000083300000, 0x0000000083400000, 0x0000000083400000|100%| O|  |TAMS 0x0000000083400000, 0x0000000083300000| Untracked 
|   2|0x0000000083400000, 0x0000000083500000, 0x0000000083500000|100%| O|  |TAMS 0x0000000083500000, 0x0000000083400000| Untracked 
|   3|0x0000000083500000, 0x0000000083600000, 0x0000000083600000|100%| O|  |TAMS 0x0000000083600000, 0x0000000083500000| Untracked 
|   4|0x0000000083600000, 0x0000000083700000, 0x0000000083700000|100%| O|  |TAMS 0x0000000083700000, 0x0000000083600000| Untracked 
|   5|0x0000000083700000, 0x0000000083800000, 0x0000000083800000|100%| O|  |TAMS 0x0000000083800000, 0x0000000083700000| Untracked 
|   6|0x0000000083800000, 0x0000000083900000, 0x0000000083900000|100%| O|  |TAMS 0x0000000083900000, 0x0000000083800000| Untracked 
|   7|0x0000000083900000, 0x0000000083a00000, 0x0000000083a00000|100%| O|  |TAMS 0x0000000083a00000, 0x0000000083900000| Untracked 
|   8|0x0000000083a00000, 0x0000000083b00000, 0x0000000083b00000|100%| O|  |TAMS 0x0000000083a00000, 0x0000000083a00000| Untracked 
|   9|0x0000000083b00000, 0x0000000083c00000, 0x0000000083c00000|100%| O|  |TAMS 0x0000000083c00000, 0x0000000083b00000| Untracked 
|  10|0x0000000083c00000, 0x0000000083d00000, 0x0000000083d00000|100%| O|  |TAMS 0x0000000083d00000, 0x0000000083c00000| Untracked 
|  11|0x0000000083d00000, 0x0000000083e00000, 0x0000000083e00000|100%| O|  |TAMS 0x0000000083e00000, 0x0000000083d00000| Untracked 
|  12|0x0000000083e00000, 0x0000000083f00000, 0x0000000083f00000|100%| O|  |TAMS 0x0000000083f00000, 0x0000000083e00000| Untracked 
|  13|0x0000000083f00000, 0x0000000084000000, 0x0000000084000000|100%| O|  |TAMS 0x0000000084000000, 0x0000000083f00000| Untracked 
|  14|0x0000000084000000, 0x0000000084100000, 0x0000000084100000|100%| O|  |TAMS 0x0000000084100000, 0x0000000084000000| Untracked 
|  15|0x0000000084100000, 0x0000000084200000, 0x0000000084200000|100%| O|  |TAMS 0x0000000084200000, 0x0000000084100000| Untracked 
|  16|0x0000000084200000, 0x0000000084300000, 0x0000000084300000|100%| O|  |TAMS 0x0000000084300000, 0x0000000084200000| Untracked 
|  17|0x0000000084300000, 0x0000000084400000, 0x0000000084400000|100%| O|  |TAMS 0x0000000084400000, 0x0000000084300000| Untracked 
|  18|0x0000000084400000, 0x0000000084500000, 0x0000000084500000|100%| O|  |TAMS 0x0000000084400000, 0x0000000084400000| Untracked 
|  19|0x0000000084500000, 0x0000000084600000, 0x0000000084600000|100%| O|  |TAMS 0x0000000084500000, 0x0000000084500000| Untracked 
|  20|0x0000000084600000, 0x0000000084700000, 0x0000000084700000|100%| O|  |TAMS 0x0000000084700000, 0x0000000084600000| Untracked 
|  21|0x0000000084700000, 0x0000000084800000, 0x0000000084800000|100%| O|  |TAMS 0x0000000084800000, 0x0000000084700000| Untracked 
|  22|0x0000000084800000, 0x0000000084900000, 0x0000000084900000|100%| O|  |TAMS 0x0000000084900000, 0x0000000084800000| Untracked 
|  23|0x0000000084900000, 0x0000000084a00000, 0x0000000084a00000|100%| O|  |TAMS 0x0000000084a00000, 0x0000000084900000| Untracked 
|  24|0x0000000084a00000, 0x0000000084b00000, 0x0000000084b00000|100%| O|  |TAMS 0x0000000084a00000, 0x0000000084a00000| Untracked 
|  25|0x0000000084b00000, 0x0000000084c00000, 0x0000000084c00000|100%| O|  |TAMS 0x0000000084b00000, 0x0000000084b00000| Untracked 
|  26|0x0000000084c00000, 0x0000000084d00000, 0x0000000084d00000|100%| O|  |TAMS 0x0000000084c00000, 0x0000000084c00000| Untracked 
|  27|0x0000000084d00000, 0x0000000084e00000, 0x0000000084e00000|100%| O|  |TAMS 0x0000000084e00000, 0x0000000084d00000| Untracked 
|  28|0x0000000084e00000, 0x0000000084f00000, 0x0000000084f00000|100%| O|  |TAMS 0x0000000084f00000, 0x0000000084e00000| Untracked 
|  29|0x0000000084f00000, 0x0000000085000000, 0x0000000085000000|100%| O|  |TAMS 0x0000000085000000, 0x0000000084f00000| Untracked 
|  30|0x0000000085000000, 0x0000000085100000, 0x0000000085100000|100%| O|  |TAMS 0x0000000085100000, 0x0000000085000000| Untracked 
|  31|0x0000000085100000, 0x0000000085200000, 0x0000000085200000|100%| O|  |TAMS 0x0000000085200000, 0x0000000085100000| Untracked 
|  32|0x0000000085200000, 0x0000000085300000, 0x0000000085300000|100%| O|  |TAMS 0x0000000085300000, 0x0000000085200000| Untracked 
|  33|0x0000000085300000, 0x0000000085400000, 0x0000000085400000|100%| O|  |TAMS 0x0000000085400000, 0x0000000085300000| Untracked 
|  34|0x0000000085400000, 0x0000000085500000, 0x0000000085500000|100%| O|  |TAMS 0x0000000085500000, 0x0000000085400000| Untracked 
|  35|0x0000000085500000, 0x0000000085600000, 0x0000000085600000|100%| O|  |TAMS 0x0000000085600000, 0x0000000085500000| Untracked 
|  36|0x0000000085600000, 0x0000000085700000, 0x0000000085700000|100%| O|  |TAMS 0x0000000085700000, 0x0000000085600000| Untracked 
|  37|0x0000000085700000, 0x0000000085800000, 0x0000000085800000|100%| O|  |TAMS 0x0000000085800000, 0x0000000085700000| Untracked 
|  38|0x0000000085800000, 0x0000000085900000, 0x0000000085900000|100%| O|  |TAMS 0x0000000085900000, 0x0000000085800000| Untracked 
|  39|0x0000000085900000, 0x0000000085a00000, 0x0000000085a00000|100%| O|  |TAMS 0x0000000085900000, 0x0000000085900000| Untracked 
|  40|0x0000000085a00000, 0x0000000085b00000, 0x0000000085b00000|100%| O|  |TAMS 0x0000000085a00000, 0x0000000085a00000| Untracked 
|  41|0x0000000085b00000, 0x0000000085c00000, 0x0000000085c00000|100%| O|  |TAMS 0x0000000085c00000, 0x0000000085b00000| Untracked 
|  42|0x0000000085c00000, 0x0000000085d00000, 0x0000000085d00000|100%| O|  |TAMS 0x0000000085d00000, 0x0000000085c00000| Untracked 
|  43|0x0000000085d00000, 0x0000000085e00000, 0x0000000085e00000|100%| O|  |TAMS 0x0000000085e00000, 0x0000000085d00000| Untracked 
|  44|0x0000000085e00000, 0x0000000085f00000, 0x0000000085f00000|100%| O|  |TAMS 0x0000000085e00000, 0x0000000085e00000| Untracked 
|  45|0x0000000085f00000, 0x0000000086000000, 0x0000000086000000|100%| O|  |TAMS 0x0000000085f00000, 0x0000000085f00000| Untracked 
|  46|0x0000000086000000, 0x0000000086100000, 0x0000000086100000|100%| O|  |TAMS 0x0000000086000000, 0x0000000086000000| Untracked 
|  47|0x0000000086100000, 0x0000000086200000, 0x0000000086200000|100%| O|  |TAMS 0x0000000086100000, 0x0000000086100000| Untracked 
|  48|0x0000000086200000, 0x0000000086300000, 0x0000000086300000|100%| O|  |TAMS 0x0000000086200000, 0x0000000086200000| Untracked 
|  49|0x0000000086300000, 0x0000000086400000, 0x0000000086400000|100%| O|  |TAMS 0x0000000086300000, 0x0000000086300000| Untracked 
|  50|0x0000000086400000, 0x0000000086500000, 0x0000000086500000|100%| O|  |TAMS 0x0000000086400000, 0x0000000086400000| Untracked 
|  51|0x0000000086500000, 0x0000000086600000, 0x0000000086600000|100%| O|  |TAMS 0x0000000086600000, 0x0000000086500000| Untracked 
|  52|0x0000000086600000, 0x0000000086700000, 0x0000000086700000|100%| O|  |TAMS 0x0000000086700000, 0x0000000086600000| Untracked 
|  53|0x0000000086700000, 0x0000000086800000, 0x0000000086800000|100%| O|  |TAMS 0x0000000086700000, 0x0000000086700000| Untracked 
|  54|0x0000000086800000, 0x0000000086900000, 0x0000000086900000|100%| O|  |TAMS 0x0000000086800000, 0x0000000086800000| Untracked 
|  55|0x0000000086900000, 0x0000000086a00000, 0x0000000086a00000|100%| O|  |TAMS 0x0000000086900000, 0x0000000086900000| Untracked 
|  56|0x0000000086a00000, 0x0000000086b00000, 0x0000000086b00000|100%| O|  |TAMS 0x0000000086a00000, 0x0000000086a00000| Untracked 
|  57|0x0000000086b00000, 0x0000000086c00000, 0x0000000086c00000|100%| O|  |TAMS 0x0000000086b00000, 0x0000000086b00000| Untracked 
|  58|0x0000000086c00000, 0x0000000086d00000, 0x0000000086d00000|100%| O|  |TAMS 0x0000000086c00000, 0x0000000086c00000| Untracked 
|  59|0x0000000086d00000, 0x0000000086e00000, 0x0000000086e00000|100%| O|  |TAMS 0x0000000086d00000, 0x0000000086d00000| Untracked 
|  60|0x0000000086e00000, 0x0000000086f00000, 0x0000000086f00000|100%| O|  |TAMS 0x0000000086e00000, 0x0000000086e00000| Untracked 
|  61|0x0000000086f00000, 0x0000000087000000, 0x0000000087000000|100%| O|  |TAMS 0x0000000086f00000, 0x0000000086f00000| Untracked 
|  62|0x0000000087000000, 0x0000000087100000, 0x0000000087100000|100%| O|  |TAMS 0x0000000087000000, 0x0000000087000000| Untracked 
|  63|0x0000000087100000, 0x0000000087200000, 0x0000000087200000|100%| O|  |TAMS 0x0000000087200000, 0x0000000087100000| Untracked 
|  64|0x0000000087200000, 0x0000000087300000, 0x0000000087300000|100%| O|  |TAMS 0x0000000087300000, 0x0000000087200000| Untracked 
|  65|0x0000000087300000, 0x0000000087400000, 0x0000000087400000|100%| O|  |TAMS 0x0000000087400000, 0x0000000087300000| Untracked 
|  66|0x0000000087400000, 0x0000000087500000, 0x0000000087500000|100%| O|  |TAMS 0x0000000087400000, 0x0000000087400000| Untracked 
|  67|0x0000000087500000, 0x0000000087600000, 0x0000000087600000|100%| O|  |TAMS 0x0000000087600000, 0x0000000087500000| Untracked 
|  68|0x0000000087600000, 0x0000000087700000, 0x0000000087700000|100%| O|  |TAMS 0x0000000087700000, 0x0000000087600000| Untracked 
|  69|0x0000000087700000, 0x0000000087800000, 0x0000000087800000|100%| O|  |TAMS 0x0000000087800000, 0x0000000087700000| Untracked 
|  70|0x0000000087800000, 0x0000000087900000, 0x0000000087900000|100%| O|  |TAMS 0x0000000087879600, 0x0000000087800000| Untracked 
|  71|0x0000000087900000, 0x0000000087a00000, 0x0000000087a00000|100%| O|  |TAMS 0x0000000087900000, 0x0000000087900000| Untracked 
|  72|0x0000000087a00000, 0x0000000087b00000, 0x0000000087b00000|100%| O|  |TAMS 0x0000000087a00000, 0x0000000087a00000| Untracked 
|  73|0x0000000087b00000, 0x0000000087c00000, 0x0000000087c00000|100%| O|  |TAMS 0x0000000087b00000, 0x0000000087b00000| Untracked 
|  74|0x0000000087c00000, 0x0000000087d00000, 0x0000000087d00000|100%| O|  |TAMS 0x0000000087c00000, 0x0000000087c00000| Untracked 
|  75|0x0000000087d00000, 0x0000000087e00000, 0x0000000087e00000|100%| O|  |TAMS 0x0000000087e00000, 0x0000000087d00000| Untracked 
|  76|0x0000000087e00000, 0x0000000087f00000, 0x0000000087f00000|100%| O|  |TAMS 0x0000000087f00000, 0x0000000087e00000| Untracked 
|  77|0x0000000087f00000, 0x0000000088000000, 0x0000000088000000|100%| O|  |TAMS 0x0000000087f00000, 0x0000000087f00000| Untracked 
|  78|0x0000000088000000, 0x0000000088100000, 0x0000000088100000|100%| O|  |TAMS 0x0000000088000000, 0x0000000088000000| Untracked 
|  79|0x0000000088100000, 0x0000000088200000, 0x0000000088200000|100%| O|  |TAMS 0x0000000088100000, 0x0000000088100000| Untracked 
|  80|0x0000000088200000, 0x0000000088300000, 0x0000000088300000|100%| O|  |TAMS 0x0000000088200000, 0x0000000088200000| Untracked 
|  81|0x0000000088300000, 0x0000000088400000, 0x0000000088400000|100%| O|  |TAMS 0x0000000088300000, 0x0000000088300000| Untracked 
|  82|0x0000000088400000, 0x0000000088500000, 0x0000000088500000|100%| O|  |TAMS 0x0000000088400000, 0x0000000088400000| Untracked 
|  83|0x0000000088500000, 0x0000000088600000, 0x0000000088600000|100%| O|  |TAMS 0x0000000088500000, 0x0000000088500000| Untracked 
|  84|0x0000000088600000, 0x0000000088700000, 0x0000000088700000|100%| O|  |TAMS 0x0000000088600000, 0x0000000088600000| Untracked 
|  85|0x0000000088700000, 0x0000000088800000, 0x0000000088800000|100%| O|  |TAMS 0x0000000088700000, 0x0000000088700000| Untracked 
|  86|0x0000000088800000, 0x0000000088900000, 0x0000000088900000|100%| O|  |TAMS 0x0000000088800000, 0x0000000088800000| Untracked 
|  87|0x0000000088900000, 0x0000000088a00000, 0x0000000088a00000|100%| O|  |TAMS 0x0000000088900000, 0x0000000088900000| Untracked 
|  88|0x0000000088a00000, 0x0000000088b00000, 0x0000000088b00000|100%| O|  |TAMS 0x0000000088a00000, 0x0000000088a00000| Untracked 
|  89|0x0000000088b00000, 0x0000000088c00000, 0x0000000088c00000|100%| O|  |TAMS 0x0000000088b00000, 0x0000000088b00000| Untracked 
|  90|0x0000000088c00000, 0x0000000088d00000, 0x0000000088d00000|100%| O|  |TAMS 0x0000000088c00000, 0x0000000088c00000| Untracked 
|  91|0x0000000088d00000, 0x0000000088e00000, 0x0000000088e00000|100%| O|  |TAMS 0x0000000088d00000, 0x0000000088d00000| Untracked 
|  92|0x0000000088e00000, 0x0000000088e8ead0, 0x0000000088f00000| 55%| O|  |TAMS 0x0000000088e00000, 0x0000000088e00000| Untracked 
|  93|0x0000000088f00000, 0x0000000088f00000, 0x0000000089000000|  0%| F|  |TAMS 0x0000000088f00000, 0x0000000088f00000| Untracked 
|  94|0x0000000089000000, 0x0000000089000000, 0x0000000089100000|  0%| F|  |TAMS 0x0000000089000000, 0x0000000089000000| Untracked 
|  95|0x0000000089100000, 0x0000000089100000, 0x0000000089200000|  0%| F|  |TAMS 0x0000000089100000, 0x0000000089100000| Untracked 
|  96|0x0000000089200000, 0x0000000089200000, 0x0000000089300000|  0%| F|  |TAMS 0x0000000089200000, 0x0000000089200000| Untracked 
|  97|0x0000000089300000, 0x0000000089300000, 0x0000000089400000|  0%| F|  |TAMS 0x0000000089300000, 0x0000000089300000| Untracked 
|  98|0x0000000089400000, 0x0000000089400000, 0x0000000089500000|  0%| F|  |TAMS 0x0000000089400000, 0x0000000089400000| Untracked 
|  99|0x0000000089500000, 0x0000000089500000, 0x0000000089600000|  0%| F|  |TAMS 0x0000000089500000, 0x0000000089500000| Untracked 
| 100|0x0000000089600000, 0x0000000089600000, 0x0000000089700000|  0%| F|  |TAMS 0x0000000089600000, 0x0000000089600000| Untracked 
| 101|0x0000000089700000, 0x0000000089700000, 0x0000000089800000|  0%| F|  |TAMS 0x0000000089700000, 0x0000000089700000| Untracked 
| 102|0x0000000089800000, 0x0000000089800000, 0x0000000089900000|  0%| F|  |TAMS 0x0000000089800000, 0x0000000089800000| Untracked 
| 103|0x0000000089900000, 0x0000000089900000, 0x0000000089a00000|  0%| F|  |TAMS 0x0000000089900000, 0x0000000089900000| Untracked 
| 104|0x0000000089a00000, 0x0000000089a00000, 0x0000000089b00000|  0%| F|  |TAMS 0x0000000089a00000, 0x0000000089a00000| Untracked 
| 105|0x0000000089b00000, 0x0000000089b00000, 0x0000000089c00000|  0%| F|  |TAMS 0x0000000089b00000, 0x0000000089b00000| Untracked 
| 106|0x0000000089c00000, 0x0000000089c00000, 0x0000000089d00000|  0%| F|  |TAMS 0x0000000089c00000, 0x0000000089c00000| Untracked 
| 107|0x0000000089d00000, 0x0000000089d00000, 0x0000000089e00000|  0%| F|  |TAMS 0x0000000089d00000, 0x0000000089d00000| Untracked 
| 108|0x0000000089e00000, 0x0000000089e00000, 0x0000000089f00000|  0%| F|  |TAMS 0x0000000089e00000, 0x0000000089e00000| Untracked 
| 109|0x0000000089f00000, 0x0000000089f00000, 0x000000008a000000|  0%| F|  |TAMS 0x0000000089f00000, 0x0000000089f00000| Untracked 
| 110|0x000000008a000000, 0x000000008a000000, 0x000000008a100000|  0%| F|  |TAMS 0x000000008a000000, 0x000000008a000000| Untracked 
| 111|0x000000008a100000, 0x000000008a100000, 0x000000008a200000|  0%| F|  |TAMS 0x000000008a100000, 0x000000008a100000| Untracked 
| 112|0x000000008a200000, 0x000000008a200000, 0x000000008a300000|  0%| F|  |TAMS 0x000000008a200000, 0x000000008a200000| Untracked 
| 113|0x000000008a300000, 0x000000008a300000, 0x000000008a400000|  0%| F|  |TAMS 0x000000008a300000, 0x000000008a300000| Untracked 
| 114|0x000000008a400000, 0x000000008a400000, 0x000000008a500000|  0%| F|  |TAMS 0x000000008a400000, 0x000000008a400000| Untracked 
| 115|0x000000008a500000, 0x000000008a500000, 0x000000008a600000|  0%| F|  |TAMS 0x000000008a500000, 0x000000008a500000| Untracked 
| 116|0x000000008a600000, 0x000000008a600000, 0x000000008a700000|  0%| F|  |TAMS 0x000000008a600000, 0x000000008a600000| Untracked 
| 117|0x000000008a700000, 0x000000008a700000, 0x000000008a800000|  0%| F|  |TAMS 0x000000008a700000, 0x000000008a700000| Untracked 
| 118|0x000000008a800000, 0x000000008a800000, 0x000000008a900000|  0%| F|  |TAMS 0x000000008a800000, 0x000000008a800000| Untracked 
| 119|0x000000008a900000, 0x000000008a900000, 0x000000008aa00000|  0%| F|  |TAMS 0x000000008a900000, 0x000000008a900000| Untracked 
| 120|0x000000008aa00000, 0x000000008aa00000, 0x000000008ab00000|  0%| F|  |TAMS 0x000000008aa00000, 0x000000008aa00000| Untracked 
| 121|0x000000008ab00000, 0x000000008ab00000, 0x000000008ac00000|  0%| F|  |TAMS 0x000000008ab00000, 0x000000008ab00000| Untracked 
| 122|0x000000008ac00000, 0x000000008ac00000, 0x000000008ad00000|  0%| F|  |TAMS 0x000000008ac00000, 0x000000008ac00000| Untracked 
| 123|0x000000008ad00000, 0x000000008ad00000, 0x000000008ae00000|  0%| F|  |TAMS 0x000000008ad00000, 0x000000008ad00000| Untracked 
| 124|0x000000008ae00000, 0x000000008af00000, 0x000000008af00000|100%| E|CS|TAMS 0x000000008ae00000, 0x000000008ae00000| Complete 
| 125|0x000000008af00000, 0x000000008b000000, 0x000000008b000000|100%| E|CS|TAMS 0x000000008af00000, 0x000000008af00000| Complete 
| 126|0x000000008b000000, 0x000000008b100000, 0x000000008b100000|100%| E|CS|TAMS 0x000000008b000000, 0x000000008b000000| Complete 
| 127|0x000000008b100000, 0x000000008b200000, 0x000000008b200000|100%| E|CS|TAMS 0x000000008b100000, 0x000000008b100000| Complete 
| 128|0x000000008b200000, 0x000000008b300000, 0x000000008b300000|100%| E|CS|TAMS 0x000000008b200000, 0x000000008b200000| Complete 
| 129|0x000000008b300000, 0x000000008b400000, 0x000000008b400000|100%| E|CS|TAMS 0x000000008b300000, 0x000000008b300000| Complete 
| 130|0x000000008b400000, 0x000000008b500000, 0x000000008b500000|100%| E|CS|TAMS 0x000000008b400000, 0x000000008b400000| Complete 
| 131|0x000000008b500000, 0x000000008b600000, 0x000000008b600000|100%| E|CS|TAMS 0x000000008b500000, 0x000000008b500000| Complete 
| 132|0x000000008b600000, 0x000000008b700000, 0x000000008b700000|100%| E|CS|TAMS 0x000000008b600000, 0x000000008b600000| Complete 
| 133|0x000000008b700000, 0x000000008b800000, 0x000000008b800000|100%| E|CS|TAMS 0x000000008b700000, 0x000000008b700000| Complete 
| 134|0x000000008b800000, 0x000000008b800000, 0x000000008b900000|  0%| F|  |TAMS 0x000000008b800000, 0x000000008b800000| Untracked 
| 135|0x000000008b900000, 0x000000008b900000, 0x000000008ba00000|  0%| F|  |TAMS 0x000000008b900000, 0x000000008b900000| Untracked 
| 136|0x000000008ba00000, 0x000000008ba00000, 0x000000008bb00000|  0%| F|  |TAMS 0x000000008ba00000, 0x000000008ba00000| Untracked 
| 137|0x000000008bb00000, 0x000000008bb00000, 0x000000008bc00000|  0%| F|  |TAMS 0x000000008bb00000, 0x000000008bb00000| Untracked 
| 138|0x000000008bc00000, 0x000000008bc00000, 0x000000008bd00000|  0%| F|  |TAMS 0x000000008bc00000, 0x000000008bc00000| Untracked 
| 139|0x000000008bd00000, 0x000000008bd00000, 0x000000008be00000|  0%| F|  |TAMS 0x000000008bd00000, 0x000000008bd00000| Untracked 
| 140|0x000000008be00000, 0x000000008bf00000, 0x000000008bf00000|100%| E|CS|TAMS 0x000000008be00000, 0x000000008be00000| Complete 
| 141|0x000000008bf00000, 0x000000008c000000, 0x000000008c000000|100%| E|CS|TAMS 0x000000008bf00000, 0x000000008bf00000| Complete 
| 142|0x000000008c000000, 0x000000008c100000, 0x000000008c100000|100%| E|CS|TAMS 0x000000008c000000, 0x000000008c000000| Complete 
| 143|0x000000008c100000, 0x000000008c100000, 0x000000008c200000|  0%| F|  |TAMS 0x000000008c100000, 0x000000008c100000| Untracked 
| 144|0x000000008c200000, 0x000000008c200000, 0x000000008c300000|  0%| F|  |TAMS 0x000000008c200000, 0x000000008c200000| Untracked 
| 145|0x000000008c300000, 0x000000008c300000, 0x000000008c400000|  0%| F|  |TAMS 0x000000008c300000, 0x000000008c300000| Untracked 
| 146|0x000000008c400000, 0x000000008c400000, 0x000000008c500000|  0%| F|  |TAMS 0x000000008c400000, 0x000000008c400000| Untracked 
| 147|0x000000008c500000, 0x000000008c500000, 0x000000008c600000|  0%| F|  |TAMS 0x000000008c500000, 0x000000008c500000| Untracked 
| 148|0x000000008c600000, 0x000000008c600000, 0x000000008c700000|  0%| F|  |TAMS 0x000000008c600000, 0x000000008c600000| Untracked 
| 149|0x000000008c700000, 0x000000008c700000, 0x000000008c800000|  0%| F|  |TAMS 0x000000008c700000, 0x000000008c700000| Untracked 
| 150|0x000000008c800000, 0x000000008c900000, 0x000000008c900000|100%| E|CS|TAMS 0x000000008c800000, 0x000000008c800000| Complete 
| 151|0x000000008c900000, 0x000000008ca00000, 0x000000008ca00000|100%| E|CS|TAMS 0x000000008c900000, 0x000000008c900000| Complete 
| 152|0x000000008ca00000, 0x000000008cb00000, 0x000000008cb00000|100%| E|CS|TAMS 0x000000008ca00000, 0x000000008ca00000| Complete 
| 153|0x000000008cb00000, 0x000000008cc00000, 0x000000008cc00000|100%| E|CS|TAMS 0x000000008cb00000, 0x000000008cb00000| Complete 
| 154|0x000000008cc00000, 0x000000008cd00000, 0x000000008cd00000|100%| E|CS|TAMS 0x000000008cc00000, 0x000000008cc00000| Complete 
| 155|0x000000008cd00000, 0x000000008ce00000, 0x000000008ce00000|100%| E|CS|TAMS 0x000000008cd00000, 0x000000008cd00000| Complete 
| 156|0x000000008ce00000, 0x000000008cf00000, 0x000000008cf00000|100%| E|CS|TAMS 0x000000008ce00000, 0x000000008ce00000| Complete 
| 157|0x000000008cf00000, 0x000000008d000000, 0x000000008d000000|100%| E|CS|TAMS 0x000000008cf00000, 0x000000008cf00000| Complete 
| 158|0x000000008d000000, 0x000000008d100000, 0x000000008d100000|100%| E|CS|TAMS 0x000000008d000000, 0x000000008d000000| Complete 
| 159|0x000000008d100000, 0x000000008d200000, 0x000000008d200000|100%| E|CS|TAMS 0x000000008d100000, 0x000000008d100000| Complete 
| 160|0x000000008d200000, 0x000000008d200000, 0x000000008d300000|  0%| F|  |TAMS 0x000000008d200000, 0x000000008d200000| Untracked 
| 161|0x000000008d300000, 0x000000008d300000, 0x000000008d400000|  0%| F|  |TAMS 0x000000008d300000, 0x000000008d300000| Untracked 
| 162|0x000000008d400000, 0x000000008d400000, 0x000000008d500000|  0%| F|  |TAMS 0x000000008d400000, 0x000000008d400000| Untracked 
| 163|0x000000008d500000, 0x000000008d500000, 0x000000008d600000|  0%| F|  |TAMS 0x000000008d500000, 0x000000008d500000| Untracked 
| 164|0x000000008d600000, 0x000000008d600000, 0x000000008d700000|  0%| F|  |TAMS 0x000000008d600000, 0x000000008d600000| Untracked 
| 165|0x000000008d700000, 0x000000008d700000, 0x000000008d800000|  0%| F|  |TAMS 0x000000008d700000, 0x000000008d700000| Untracked 
| 166|0x000000008d800000, 0x000000008d800000, 0x000000008d900000|  0%| F|  |TAMS 0x000000008d800000, 0x000000008d800000| Untracked 
| 167|0x000000008d900000, 0x000000008d900000, 0x000000008da00000|  0%| F|  |TAMS 0x000000008d900000, 0x000000008d900000| Untracked 
| 168|0x000000008da00000, 0x000000008da00000, 0x000000008db00000|  0%| F|  |TAMS 0x000000008da00000, 0x000000008da00000| Untracked 
| 169|0x000000008db00000, 0x000000008db00000, 0x000000008dc00000|  0%| F|  |TAMS 0x000000008db00000, 0x000000008db00000| Untracked 
| 170|0x000000008dc00000, 0x000000008dc00000, 0x000000008dd00000|  0%| F|  |TAMS 0x000000008dc00000, 0x000000008dc00000| Untracked 
| 171|0x000000008dd00000, 0x000000008dd00000, 0x000000008de00000|  0%| F|  |TAMS 0x000000008dd00000, 0x000000008dd00000| Untracked 
| 172|0x000000008de00000, 0x000000008de00000, 0x000000008df00000|  0%| F|  |TAMS 0x000000008de00000, 0x000000008de00000| Untracked 
| 173|0x000000008df00000, 0x000000008df00000, 0x000000008e000000|  0%| F|  |TAMS 0x000000008df00000, 0x000000008df00000| Untracked 
| 174|0x000000008e000000, 0x000000008e100000, 0x000000008e100000|100%| S|  |TAMS 0x000000008e000000, 0x000000008e000000| Complete 
| 175|0x000000008e100000, 0x000000008e200000, 0x000000008e200000|100%| S|  |TAMS 0x000000008e100000, 0x000000008e100000| Complete 
| 176|0x000000008e200000, 0x000000008e300000, 0x000000008e300000|100%| S|  |TAMS 0x000000008e200000, 0x000000008e200000| Complete 
| 177|0x000000008e300000, 0x000000008e400000, 0x000000008e400000|100%| S|  |TAMS 0x000000008e300000, 0x000000008e300000| Complete 
| 178|0x000000008e400000, 0x000000008e44cce8, 0x000000008e500000| 30%| E|CS|TAMS 0x000000008e400000, 0x000000008e400000| Complete 
| 179|0x000000008e500000, 0x000000008e600000, 0x000000008e600000|100%| E|CS|TAMS 0x000000008e500000, 0x000000008e500000| Complete 
| 180|0x000000008e600000, 0x000000008e700000, 0x000000008e700000|100%| E|CS|TAMS 0x000000008e600000, 0x000000008e600000| Complete 
| 181|0x000000008e700000, 0x000000008e800000, 0x000000008e800000|100%| E|CS|TAMS 0x000000008e700000, 0x000000008e700000| Complete 
| 182|0x000000008e800000, 0x000000008e900000, 0x000000008e900000|100%| E|CS|TAMS 0x000000008e800000, 0x000000008e800000| Complete 
| 183|0x000000008e900000, 0x000000008ea00000, 0x000000008ea00000|100%| E|CS|TAMS 0x000000008e900000, 0x000000008e900000| Complete 
| 184|0x000000008ea00000, 0x000000008eb00000, 0x000000008eb00000|100%| E|CS|TAMS 0x000000008ea00000, 0x000000008ea00000| Complete 
| 185|0x000000008eb00000, 0x000000008ec00000, 0x000000008ec00000|100%| E|CS|TAMS 0x000000008eb00000, 0x000000008eb00000| Complete 
| 186|0x000000008ec00000, 0x000000008ed00000, 0x000000008ed00000|100%| E|CS|TAMS 0x000000008ec00000, 0x000000008ec00000| Complete 
| 187|0x000000008ed00000, 0x000000008ee00000, 0x000000008ee00000|100%| E|CS|TAMS 0x000000008ed00000, 0x000000008ed00000| Complete 
| 188|0x000000008ee00000, 0x000000008ef00000, 0x000000008ef00000|100%| E|CS|TAMS 0x000000008ee00000, 0x000000008ee00000| Complete 
| 189|0x000000008ef00000, 0x000000008f000000, 0x000000008f000000|100%| E|CS|TAMS 0x000000008ef00000, 0x000000008ef00000| Complete 
| 190|0x000000008f000000, 0x000000008f100000, 0x000000008f100000|100%| E|CS|TAMS 0x000000008f000000, 0x000000008f000000| Complete 
| 191|0x000000008f100000, 0x000000008f200000, 0x000000008f200000|100%| E|CS|TAMS 0x000000008f100000, 0x000000008f100000| Complete 
| 192|0x000000008f200000, 0x000000008f300000, 0x000000008f300000|100%| E|CS|TAMS 0x000000008f200000, 0x000000008f200000| Complete 
| 193|0x000000008f300000, 0x000000008f400000, 0x000000008f400000|100%| E|CS|TAMS 0x000000008f300000, 0x000000008f300000| Complete 
| 194|0x000000008f400000, 0x000000008f500000, 0x000000008f500000|100%| E|CS|TAMS 0x000000008f400000, 0x000000008f400000| Complete 
| 195|0x000000008f500000, 0x000000008f600000, 0x000000008f600000|100%| E|CS|TAMS 0x000000008f500000, 0x000000008f500000| Complete 
| 196|0x000000008f600000, 0x000000008f700000, 0x000000008f700000|100%| E|CS|TAMS 0x000000008f600000, 0x000000008f600000| Complete 
| 197|0x000000008f700000, 0x000000008f800000, 0x000000008f800000|100%| E|CS|TAMS 0x000000008f700000, 0x000000008f700000| Complete 
| 198|0x000000008f800000, 0x000000008f900000, 0x000000008f900000|100%| E|CS|TAMS 0x000000008f800000, 0x000000008f800000| Complete 
| 199|0x000000008f900000, 0x000000008fa00000, 0x000000008fa00000|100%| E|CS|TAMS 0x000000008f900000, 0x000000008f900000| Complete 
| 200|0x000000008fa00000, 0x000000008fb00000, 0x000000008fb00000|100%| E|CS|TAMS 0x000000008fa00000, 0x000000008fa00000| Complete 
| 201|0x000000008fb00000, 0x000000008fc00000, 0x000000008fc00000|100%| E|CS|TAMS 0x000000008fb00000, 0x000000008fb00000| Complete 
| 202|0x000000008fc00000, 0x000000008fd00000, 0x000000008fd00000|100%| E|CS|TAMS 0x000000008fc00000, 0x000000008fc00000| Complete 
| 203|0x000000008fd00000, 0x000000008fe00000, 0x000000008fe00000|100%| E|CS|TAMS 0x000000008fd00000, 0x000000008fd00000| Complete 
| 204|0x000000008fe00000, 0x000000008ff00000, 0x000000008ff00000|100%| E|CS|TAMS 0x000000008fe00000, 0x000000008fe00000| Complete 
| 205|0x000000008ff00000, 0x0000000090000000, 0x0000000090000000|100%| E|CS|TAMS 0x000000008ff00000, 0x000000008ff00000| Complete 
| 206|0x0000000090000000, 0x0000000090100000, 0x0000000090100000|100%| E|CS|TAMS 0x0000000090000000, 0x0000000090000000| Complete 
| 207|0x0000000090100000, 0x0000000090200000, 0x0000000090200000|100%| E|CS|TAMS 0x0000000090100000, 0x0000000090100000| Complete 
| 208|0x0000000090200000, 0x0000000090300000, 0x0000000090300000|100%| E|CS|TAMS 0x0000000090200000, 0x0000000090200000| Complete 
| 209|0x0000000090300000, 0x0000000090400000, 0x0000000090400000|100%| E|CS|TAMS 0x0000000090300000, 0x0000000090300000| Complete 
| 210|0x0000000090400000, 0x0000000090500000, 0x0000000090500000|100%| E|CS|TAMS 0x0000000090400000, 0x0000000090400000| Complete 
| 211|0x0000000090500000, 0x0000000090600000, 0x0000000090600000|100%| E|CS|TAMS 0x0000000090500000, 0x0000000090500000| Complete 
| 212|0x0000000090600000, 0x0000000090700000, 0x0000000090700000|100%| E|CS|TAMS 0x0000000090600000, 0x0000000090600000| Complete 
| 213|0x0000000090700000, 0x0000000090800000, 0x0000000090800000|100%| E|CS|TAMS 0x0000000090700000, 0x0000000090700000| Complete 
| 214|0x0000000090800000, 0x0000000090900000, 0x0000000090900000|100%| E|CS|TAMS 0x0000000090800000, 0x0000000090800000| Complete 
| 215|0x0000000090900000, 0x0000000090a00000, 0x0000000090a00000|100%| E|CS|TAMS 0x0000000090900000, 0x0000000090900000| Complete 
| 216|0x0000000090a00000, 0x0000000090b00000, 0x0000000090b00000|100%| E|CS|TAMS 0x0000000090a00000, 0x0000000090a00000| Complete 
| 217|0x0000000090b00000, 0x0000000090c00000, 0x0000000090c00000|100%| E|CS|TAMS 0x0000000090b00000, 0x0000000090b00000| Complete 
| 218|0x0000000090c00000, 0x0000000090d00000, 0x0000000090d00000|100%| E|CS|TAMS 0x0000000090c00000, 0x0000000090c00000| Complete 
| 219|0x0000000090d00000, 0x0000000090e00000, 0x0000000090e00000|100%| E|CS|TAMS 0x0000000090d00000, 0x0000000090d00000| Complete 
| 220|0x0000000090e00000, 0x0000000090f00000, 0x0000000090f00000|100%| E|CS|TAMS 0x0000000090e00000, 0x0000000090e00000| Complete 
| 221|0x0000000090f00000, 0x0000000091000000, 0x0000000091000000|100%| E|CS|TAMS 0x0000000090f00000, 0x0000000090f00000| Complete 
| 222|0x0000000091000000, 0x0000000091100000, 0x0000000091100000|100%| E|CS|TAMS 0x0000000091000000, 0x0000000091000000| Complete 
| 223|0x0000000091100000, 0x0000000091200000, 0x0000000091200000|100%| E|CS|TAMS 0x0000000091100000, 0x0000000091100000| Complete 
| 224|0x0000000091200000, 0x0000000091300000, 0x0000000091300000|100%| E|CS|TAMS 0x0000000091200000, 0x0000000091200000| Complete 
| 225|0x0000000091300000, 0x0000000091400000, 0x0000000091400000|100%| E|CS|TAMS 0x0000000091300000, 0x0000000091300000| Complete 
| 226|0x0000000091400000, 0x0000000091500000, 0x0000000091500000|100%| E|CS|TAMS 0x0000000091400000, 0x0000000091400000| Complete 
| 227|0x0000000091500000, 0x0000000091600000, 0x0000000091600000|100%| E|CS|TAMS 0x0000000091500000, 0x0000000091500000| Complete 
| 228|0x0000000091600000, 0x0000000091700000, 0x0000000091700000|100%| E|CS|TAMS 0x0000000091600000, 0x0000000091600000| Complete 
| 229|0x0000000091700000, 0x0000000091800000, 0x0000000091800000|100%| E|CS|TAMS 0x0000000091700000, 0x0000000091700000| Complete 
| 230|0x0000000091800000, 0x0000000091900000, 0x0000000091900000|100%| E|CS|TAMS 0x0000000091800000, 0x0000000091800000| Complete 
| 231|0x0000000091900000, 0x0000000091a00000, 0x0000000091a00000|100%| E|CS|TAMS 0x0000000091900000, 0x0000000091900000| Complete 
| 232|0x0000000091a00000, 0x0000000091b00000, 0x0000000091b00000|100%| E|CS|TAMS 0x0000000091a00000, 0x0000000091a00000| Complete 
| 233|0x0000000091b00000, 0x0000000091c00000, 0x0000000091c00000|100%| E|CS|TAMS 0x0000000091b00000, 0x0000000091b00000| Complete 
| 234|0x0000000091c00000, 0x0000000091d00000, 0x0000000091d00000|100%| E|CS|TAMS 0x0000000091c00000, 0x0000000091c00000| Complete 
| 235|0x0000000091d00000, 0x0000000091e00000, 0x0000000091e00000|100%| E|CS|TAMS 0x0000000091d00000, 0x0000000091d00000| Complete 
| 236|0x0000000091e00000, 0x0000000091f00000, 0x0000000091f00000|100%| E|CS|TAMS 0x0000000091e00000, 0x0000000091e00000| Complete 
| 237|0x0000000091f00000, 0x0000000092000000, 0x0000000092000000|100%| E|CS|TAMS 0x0000000091f00000, 0x0000000091f00000| Complete 
| 238|0x0000000092000000, 0x0000000092100000, 0x0000000092100000|100%| E|CS|TAMS 0x0000000092000000, 0x0000000092000000| Complete 
| 239|0x0000000092100000, 0x0000000092200000, 0x0000000092200000|100%| E|CS|TAMS 0x0000000092100000, 0x0000000092100000| Complete 
| 240|0x0000000092200000, 0x0000000092300000, 0x0000000092300000|100%| E|CS|TAMS 0x0000000092200000, 0x0000000092200000| Complete 
| 241|0x0000000092300000, 0x0000000092400000, 0x0000000092400000|100%| E|CS|TAMS 0x0000000092300000, 0x0000000092300000| Complete 
| 242|0x0000000092400000, 0x0000000092500000, 0x0000000092500000|100%| E|CS|TAMS 0x0000000092400000, 0x0000000092400000| Complete 
| 243|0x0000000092500000, 0x0000000092600000, 0x0000000092600000|100%| E|CS|TAMS 0x0000000092500000, 0x0000000092500000| Complete 
| 244|0x0000000092600000, 0x0000000092700000, 0x0000000092700000|100%| E|CS|TAMS 0x0000000092600000, 0x0000000092600000| Complete 
| 245|0x0000000092700000, 0x0000000092800000, 0x0000000092800000|100%| E|CS|TAMS 0x0000000092700000, 0x0000000092700000| Complete 
| 246|0x0000000092800000, 0x0000000092900000, 0x0000000092900000|100%| E|CS|TAMS 0x0000000092800000, 0x0000000092800000| Complete 
| 247|0x0000000092900000, 0x0000000092a00000, 0x0000000092a00000|100%| E|CS|TAMS 0x0000000092900000, 0x0000000092900000| Complete 
| 248|0x0000000092a00000, 0x0000000092b00000, 0x0000000092b00000|100%| E|CS|TAMS 0x0000000092a00000, 0x0000000092a00000| Complete 
| 249|0x0000000092b00000, 0x0000000092c00000, 0x0000000092c00000|100%| E|CS|TAMS 0x0000000092b00000, 0x0000000092b00000| Complete 
| 250|0x0000000092c00000, 0x0000000092d00000, 0x0000000092d00000|100%| E|CS|TAMS 0x0000000092c00000, 0x0000000092c00000| Complete 
| 251|0x0000000092d00000, 0x0000000092e00000, 0x0000000092e00000|100%| E|CS|TAMS 0x0000000092d00000, 0x0000000092d00000| Complete 
| 252|0x0000000092e00000, 0x0000000092f00000, 0x0000000092f00000|100%| E|CS|TAMS 0x0000000092e00000, 0x0000000092e00000| Complete 
| 253|0x0000000092f00000, 0x0000000093000000, 0x0000000093000000|100%| E|CS|TAMS 0x0000000092f00000, 0x0000000092f00000| Complete 
| 254|0x0000000093000000, 0x0000000093100000, 0x0000000093100000|100%| E|CS|TAMS 0x0000000093000000, 0x0000000093000000| Complete 
| 255|0x0000000093100000, 0x0000000093200000, 0x0000000093200000|100%| E|CS|TAMS 0x0000000093100000, 0x0000000093100000| Complete 
| 256|0x0000000093200000, 0x0000000093300000, 0x0000000093300000|100%| E|CS|TAMS 0x0000000093200000, 0x0000000093200000| Complete 
| 257|0x0000000093300000, 0x0000000093400000, 0x0000000093400000|100%| E|CS|TAMS 0x0000000093300000, 0x0000000093300000| Complete 
| 258|0x0000000093400000, 0x0000000093500000, 0x0000000093500000|100%| E|CS|TAMS 0x0000000093400000, 0x0000000093400000| Complete 
| 259|0x0000000093500000, 0x0000000093600000, 0x0000000093600000|100%| E|CS|TAMS 0x0000000093500000, 0x0000000093500000| Complete 
| 260|0x0000000093600000, 0x0000000093700000, 0x0000000093700000|100%| E|CS|TAMS 0x0000000093600000, 0x0000000093600000| Complete 
| 261|0x0000000093700000, 0x0000000093800000, 0x0000000093800000|100%| E|CS|TAMS 0x0000000093700000, 0x0000000093700000| Complete 
| 262|0x0000000093800000, 0x0000000093900000, 0x0000000093900000|100%| E|CS|TAMS 0x0000000093800000, 0x0000000093800000| Complete 
| 263|0x0000000093900000, 0x0000000093a00000, 0x0000000093a00000|100%| E|CS|TAMS 0x0000000093900000, 0x0000000093900000| Complete 
| 264|0x0000000093a00000, 0x0000000093b00000, 0x0000000093b00000|100%| E|CS|TAMS 0x0000000093a00000, 0x0000000093a00000| Complete 
| 265|0x0000000093b00000, 0x0000000093c00000, 0x0000000093c00000|100%| E|CS|TAMS 0x0000000093b00000, 0x0000000093b00000| Complete 
| 266|0x0000000093c00000, 0x0000000093d00000, 0x0000000093d00000|100%| E|CS|TAMS 0x0000000093c00000, 0x0000000093c00000| Complete 
| 267|0x0000000093d00000, 0x0000000093e00000, 0x0000000093e00000|100%| E|CS|TAMS 0x0000000093d00000, 0x0000000093d00000| Complete 
| 268|0x0000000093e00000, 0x0000000093f00000, 0x0000000093f00000|100%| E|CS|TAMS 0x0000000093e00000, 0x0000000093e00000| Complete 
| 269|0x0000000093f00000, 0x0000000094000000, 0x0000000094000000|100%| E|CS|TAMS 0x0000000093f00000, 0x0000000093f00000| Complete 
| 270|0x0000000094000000, 0x0000000094100000, 0x0000000094100000|100%| E|CS|TAMS 0x0000000094000000, 0x0000000094000000| Complete 
| 271|0x0000000094100000, 0x0000000094200000, 0x0000000094200000|100%| E|CS|TAMS 0x0000000094100000, 0x0000000094100000| Complete 
| 272|0x0000000094200000, 0x0000000094300000, 0x0000000094300000|100%| E|CS|TAMS 0x0000000094200000, 0x0000000094200000| Complete 
| 273|0x0000000094300000, 0x0000000094400000, 0x0000000094400000|100%| E|CS|TAMS 0x0000000094300000, 0x0000000094300000| Complete 
| 274|0x0000000094400000, 0x0000000094500000, 0x0000000094500000|100%| E|CS|TAMS 0x0000000094400000, 0x0000000094400000| Complete 
| 275|0x0000000094500000, 0x0000000094600000, 0x0000000094600000|100%| E|CS|TAMS 0x0000000094500000, 0x0000000094500000| Complete 
| 276|0x0000000094600000, 0x0000000094700000, 0x0000000094700000|100%| E|CS|TAMS 0x0000000094600000, 0x0000000094600000| Complete 
| 277|0x0000000094700000, 0x0000000094800000, 0x0000000094800000|100%| E|CS|TAMS 0x0000000094700000, 0x0000000094700000| Complete 
| 278|0x0000000094800000, 0x0000000094900000, 0x0000000094900000|100%| E|CS|TAMS 0x0000000094800000, 0x0000000094800000| Complete 
| 279|0x0000000094900000, 0x0000000094a00000, 0x0000000094a00000|100%| E|CS|TAMS 0x0000000094900000, 0x0000000094900000| Complete 
| 280|0x0000000094a00000, 0x0000000094b00000, 0x0000000094b00000|100%| E|CS|TAMS 0x0000000094a00000, 0x0000000094a00000| Complete 
| 281|0x0000000094b00000, 0x0000000094c00000, 0x0000000094c00000|100%| E|CS|TAMS 0x0000000094b00000, 0x0000000094b00000| Complete 
| 282|0x0000000094c00000, 0x0000000094d00000, 0x0000000094d00000|100%| E|CS|TAMS 0x0000000094c00000, 0x0000000094c00000| Complete 
| 283|0x0000000094d00000, 0x0000000094e00000, 0x0000000094e00000|100%| E|CS|TAMS 0x0000000094d00000, 0x0000000094d00000| Complete 
| 284|0x0000000094e00000, 0x0000000094f00000, 0x0000000094f00000|100%| E|CS|TAMS 0x0000000094e00000, 0x0000000094e00000| Complete 
| 285|0x0000000094f00000, 0x0000000095000000, 0x0000000095000000|100%| E|CS|TAMS 0x0000000094f00000, 0x0000000094f00000| Complete 
| 286|0x0000000095000000, 0x0000000095100000, 0x0000000095100000|100%| E|CS|TAMS 0x0000000095000000, 0x0000000095000000| Complete 
| 287|0x0000000095100000, 0x0000000095200000, 0x0000000095200000|100%| E|CS|TAMS 0x0000000095100000, 0x0000000095100000| Complete 
| 288|0x0000000095200000, 0x0000000095300000, 0x0000000095300000|100%| E|CS|TAMS 0x0000000095200000, 0x0000000095200000| Complete 
| 289|0x0000000095300000, 0x0000000095400000, 0x0000000095400000|100%| E|CS|TAMS 0x0000000095300000, 0x0000000095300000| Complete 
| 290|0x0000000095400000, 0x0000000095500000, 0x0000000095500000|100%| E|CS|TAMS 0x0000000095400000, 0x0000000095400000| Complete 
| 291|0x0000000095500000, 0x0000000095600000, 0x0000000095600000|100%| E|CS|TAMS 0x0000000095500000, 0x0000000095500000| Complete 
| 292|0x0000000095600000, 0x0000000095700000, 0x0000000095700000|100%| E|CS|TAMS 0x0000000095600000, 0x0000000095600000| Complete 
| 293|0x0000000095700000, 0x0000000095800000, 0x0000000095800000|100%| E|CS|TAMS 0x0000000095700000, 0x0000000095700000| Complete 
| 294|0x0000000095800000, 0x0000000095900000, 0x0000000095900000|100%| E|CS|TAMS 0x0000000095800000, 0x0000000095800000| Complete 
| 295|0x0000000095900000, 0x0000000095a00000, 0x0000000095a00000|100%| E|CS|TAMS 0x0000000095900000, 0x0000000095900000| Complete 
| 296|0x0000000095a00000, 0x0000000095b00000, 0x0000000095b00000|100%| E|CS|TAMS 0x0000000095a00000, 0x0000000095a00000| Complete 
| 297|0x0000000095b00000, 0x0000000095c00000, 0x0000000095c00000|100%| E|CS|TAMS 0x0000000095b00000, 0x0000000095b00000| Complete 
| 298|0x0000000095c00000, 0x0000000095d00000, 0x0000000095d00000|100%| E|CS|TAMS 0x0000000095c00000, 0x0000000095c00000| Complete 
| 299|0x0000000095d00000, 0x0000000095e00000, 0x0000000095e00000|100%| E|CS|TAMS 0x0000000095d00000, 0x0000000095d00000| Complete 
| 300|0x0000000095e00000, 0x0000000095f00000, 0x0000000095f00000|100%| E|CS|TAMS 0x0000000095e00000, 0x0000000095e00000| Complete 
| 301|0x0000000095f00000, 0x0000000096000000, 0x0000000096000000|100%| E|CS|TAMS 0x0000000095f00000, 0x0000000095f00000| Complete 
| 302|0x0000000096000000, 0x0000000096100000, 0x0000000096100000|100%| E|CS|TAMS 0x0000000096000000, 0x0000000096000000| Complete 
| 303|0x0000000096100000, 0x0000000096200000, 0x0000000096200000|100%| E|CS|TAMS 0x0000000096100000, 0x0000000096100000| Complete 
| 304|0x0000000096200000, 0x0000000096300000, 0x0000000096300000|100%| E|CS|TAMS 0x0000000096200000, 0x0000000096200000| Complete 
| 305|0x0000000096300000, 0x0000000096400000, 0x0000000096400000|100%| E|CS|TAMS 0x0000000096300000, 0x0000000096300000| Complete 
| 306|0x0000000096400000, 0x0000000096500000, 0x0000000096500000|100%| E|CS|TAMS 0x0000000096400000, 0x0000000096400000| Complete 
| 307|0x0000000096500000, 0x0000000096600000, 0x0000000096600000|100%| E|CS|TAMS 0x0000000096500000, 0x0000000096500000| Complete 
| 308|0x0000000096600000, 0x0000000096700000, 0x0000000096700000|100%| E|CS|TAMS 0x0000000096600000, 0x0000000096600000| Complete 
| 309|0x0000000096700000, 0x0000000096800000, 0x0000000096800000|100%| E|CS|TAMS 0x0000000096700000, 0x0000000096700000| Complete 
| 310|0x0000000096800000, 0x0000000096900000, 0x0000000096900000|100%| E|CS|TAMS 0x0000000096800000, 0x0000000096800000| Complete 
| 311|0x0000000096900000, 0x0000000096a00000, 0x0000000096a00000|100%| E|CS|TAMS 0x0000000096900000, 0x0000000096900000| Complete 
| 312|0x0000000096a00000, 0x0000000096b00000, 0x0000000096b00000|100%| E|CS|TAMS 0x0000000096a00000, 0x0000000096a00000| Complete 
| 313|0x0000000096b00000, 0x0000000096c00000, 0x0000000096c00000|100%| E|CS|TAMS 0x0000000096b00000, 0x0000000096b00000| Complete 
| 314|0x0000000096c00000, 0x0000000096d00000, 0x0000000096d00000|100%| E|CS|TAMS 0x0000000096c00000, 0x0000000096c00000| Complete 
| 315|0x0000000096d00000, 0x0000000096e00000, 0x0000000096e00000|100%| E|CS|TAMS 0x0000000096d00000, 0x0000000096d00000| Complete 
| 316|0x0000000096e00000, 0x0000000096f00000, 0x0000000096f00000|100%| E|CS|TAMS 0x0000000096e00000, 0x0000000096e00000| Complete 
| 317|0x0000000096f00000, 0x0000000097000000, 0x0000000097000000|100%| E|CS|TAMS 0x0000000096f00000, 0x0000000096f00000| Complete 
| 318|0x0000000097000000, 0x0000000097100000, 0x0000000097100000|100%| E|CS|TAMS 0x0000000097000000, 0x0000000097000000| Complete 
| 319|0x0000000097100000, 0x0000000097200000, 0x0000000097200000|100%| E|CS|TAMS 0x0000000097100000, 0x0000000097100000| Complete 
| 320|0x0000000097200000, 0x0000000097300000, 0x0000000097300000|100%| E|CS|TAMS 0x0000000097200000, 0x0000000097200000| Complete 
| 321|0x0000000097300000, 0x0000000097400000, 0x0000000097400000|100%| E|CS|TAMS 0x0000000097300000, 0x0000000097300000| Complete 
| 322|0x0000000097400000, 0x0000000097500000, 0x0000000097500000|100%| E|CS|TAMS 0x0000000097400000, 0x0000000097400000| Complete 
| 323|0x0000000097500000, 0x0000000097600000, 0x0000000097600000|100%| E|CS|TAMS 0x0000000097500000, 0x0000000097500000| Complete 
| 324|0x0000000097600000, 0x0000000097700000, 0x0000000097700000|100%| E|CS|TAMS 0x0000000097600000, 0x0000000097600000| Complete 
| 325|0x0000000097700000, 0x0000000097800000, 0x0000000097800000|100%| E|CS|TAMS 0x0000000097700000, 0x0000000097700000| Complete 
| 326|0x0000000097800000, 0x0000000097900000, 0x0000000097900000|100%| E|CS|TAMS 0x0000000097800000, 0x0000000097800000| Complete 
| 327|0x0000000097900000, 0x0000000097a00000, 0x0000000097a00000|100%| E|CS|TAMS 0x0000000097900000, 0x0000000097900000| Complete 
| 328|0x0000000097a00000, 0x0000000097b00000, 0x0000000097b00000|100%| E|CS|TAMS 0x0000000097a00000, 0x0000000097a00000| Complete 
| 329|0x0000000097b00000, 0x0000000097c00000, 0x0000000097c00000|100%| E|CS|TAMS 0x0000000097b00000, 0x0000000097b00000| Complete 

Card table byte_map: [0x0000026278670000,0x0000026278a60000] _byte_map_base: 0x0000026278257000

Marking Bits (Prev, Next): (CMBitMap*) 0x0000026260b8c9a0, (CMBitMap*) 0x0000026260b8c968
 Prev Bits: [0x000002627ad90000, 0x000002627ccc8000)
 Next Bits: [0x0000026278e50000, 0x000002627ad88000)

Polling page: 0x000002625e8e0000

Metaspace:

Usage:
  Non-class:    198.97 MB capacity,   196.67 MB ( 99%) used,     1.99 MB (  1%) free+waste,   314.06 KB ( <1%) overhead. 
      Class:     26.46 MB capacity,    25.65 MB ( 97%) used,   710.38 KB (  3%) free+waste,   112.31 KB ( <1%) overhead. 
       Both:    225.43 MB capacity,   222.32 MB ( 99%) used,     2.69 MB (  1%) free+waste,   426.38 KB ( <1%) overhead. 

Virtual space:
  Non-class space:      200.00 MB reserved,     199.17 MB (>99%) committed 
      Class space:        1.00 GB reserved,      26.50 MB (  3%) committed 
             Both:        1.20 GB reserved,     225.67 MB ( 18%) committed 

Chunk freelists:
   Non-Class:  10.00 KB
       Class:  0 bytes
        Both:  10.00 KB

MaxMetaspaceSize: 17179869184.00 GB
CompressedClassSpaceSize: 1.00 GB
Initial GC threshold: 20.80 MB
Current GC threshold: 249.24 MB
CDS: off

CodeHeap 'non-profiled nmethods': size=120064Kb used=11316Kb max_used=11316Kb free=108747Kb
 bounds [0x0000026270d40000, 0x0000026271850000, 0x0000026278280000]
CodeHeap 'profiled nmethods': size=120000Kb used=37634Kb max_used=37634Kb free=82366Kb
 bounds [0x0000026269810000, 0x000002626bce0000, 0x0000026270d40000]
CodeHeap 'non-nmethods': size=5696Kb used=1330Kb max_used=1435Kb free=4365Kb
 bounds [0x0000026269280000, 0x00000262694f0000, 0x0000026269810000]
 total_blobs=14904 nmethods=14266 adapters=551
 compilation: enabled
              stopped_count=0, restarted_count=0
 full_count=0

Compilation events (20 events):
Event: 8975.065 Thread 0x000002627f1d7000 15359       4       javax.naming.NameImpl::isA (19 bytes)
Event: 8975.066 Thread 0x000002627f1e4800 15360       3       java.net.URLClassLoader$3::nextElement (5 bytes)
Event: 8975.067 Thread 0x000002627f1e4800 nmethod 15360 0x000002626bcce110 code [0x000002626bcce2e0, 0x000002626bcce5b8]
Event: 8975.067 Thread 0x000002627f1e4800 15361       3       java.net.URLClassLoader$3::nextElement (27 bytes)
Event: 8975.067 Thread 0x000002627f1e4800 nmethod 15361 0x000002626bcce710 code [0x000002626bcce8e0, 0x000002626bcceb58]
Event: 8975.073 Thread 0x000002627f1d7000 nmethod 15359 0x000002627184c310 code [0x000002627184c4a0, 0x000002627184c6f8]
Event: 8975.100 Thread 0x000002627f1e4800 15362       3       org.eclipse.jetty.annotations.AnnotationConfiguration$ParserTask::<init> (26 bytes)
Event: 8975.100 Thread 0x000002627f1e4800 nmethod 15362 0x000002626bccec90 code [0x000002626bccee60, 0x000002626bccf138]
Event: 8975.102 Thread 0x000002627f1e4800 15363       3       java.util.concurrent.Semaphore::acquire (9 bytes)
Event: 8975.103 Thread 0x000002627f1e4800 nmethod 15363 0x000002626bccf210 code [0x000002626bccf420, 0x000002626bccf878]
Event: 8975.104 Thread 0x000002627f1e4800 15364       3       java.util.concurrent.locks.AbstractQueuedSynchronizer::acquireSharedInterruptibly (28 bytes)
Event: 8975.104 Thread 0x000002627f1e4800 nmethod 15364 0x000002626bccfa10 code [0x000002626bccfc00, 0x000002626bccffd8]
Event: 8975.104 Thread 0x000002627f1e4800 15365       3       org.eclipse.jetty.annotations.AnnotationConfiguration$1::<init> (32 bytes)
Event: 8975.104 Thread 0x000002627f1e4800 nmethod 15365 0x000002626bcd0110 code [0x000002626bcd02e0, 0x000002626bcd0618]
Event: 8975.113 Thread 0x000002627f1e4800 15366       3       org.eclipse.jetty.util.resource.PathResource::getName (15 bytes)
Event: 8975.113 Thread 0x000002627f1e4800 nmethod 15366 0x000002626bcd0710 code [0x000002626bcd08e0, 0x000002626bcd0b58]
Event: 8975.113 Thread 0x000002627f1e4800 15367   !   3       org.eclipse.jetty.annotations.AnnotationConfiguration$1::run (69 bytes)
Event: 8975.115 Thread 0x000002627f1e4800 nmethod 15367 0x000002626bcd0c90 code [0x000002626bcd0fa0, 0x000002626bcd1d38]
Event: 8975.115 Thread 0x000002627f1e4800 15368       3       org.eclipse.jetty.annotations.AnnotationConfiguration$ParserTask::call (52 bytes)
Event: 8975.115 Thread 0x000002627f1e4800 nmethod 15368 0x000002626bcd2390 code [0x000002626bcd2580, 0x000002626bcd27e8]

GC Heap History (20 events):
Event: 6065.505 GC heap after
{Heap after GC invocations=142 (full 0):
 garbage-first heap   total 337920K, used 96161K [0x0000000083200000, 0x0000000100000000)
  region size 1024K, 18 young (18432K), 18 survivors (18432K)
 Metaspace       used 204536K, capacity 207383K, committed 207788K, reserved 1232896K
  class space    used 23452K, capacity 24193K, committed 24320K, reserved 1048576K
}
Event: 6065.708 GC heap before
{Heap before GC invocations=142 (full 0):
 garbage-first heap   total 337920K, used 266145K [0x0000000083200000, 0x0000000100000000)
  region size 1024K, 185 young (189440K), 18 survivors (18432K)
 Metaspace       used 204536K, capacity 207383K, committed 207788K, reserved 1232896K
  class space    used 23452K, capacity 24193K, committed 24320K, reserved 1048576K
}
Event: 6065.719 GC heap after
{Heap after GC invocations=143 (full 0):
 garbage-first heap   total 337920K, used 90365K [0x0000000083200000, 0x0000000100000000)
  region size 1024K, 9 young (9216K), 9 survivors (9216K)
 Metaspace       used 204536K, capacity 207383K, committed 207788K, reserved 1232896K
  class space    used 23452K, capacity 24193K, committed 24320K, reserved 1048576K
}
Event: 6065.919 GC heap before
{Heap before GC invocations=143 (full 0):
 garbage-first heap   total 337920K, used 267517K [0x0000000083200000, 0x0000000100000000)
  region size 1024K, 183 young (187392K), 9 survivors (9216K)
 Metaspace       used 204536K, capacity 207383K, committed 207788K, reserved 1232896K
  class space    used 23452K, capacity 24193K, committed 24320K, reserved 1048576K
}
Event: 6065.927 GC heap after
{Heap after GC invocations=144 (full 0):
 garbage-first heap   total 337920K, used 91389K [0x0000000083200000, 0x0000000100000000)
  region size 1024K, 10 young (10240K), 10 survivors (10240K)
 Metaspace       used 204536K, capacity 207383K, committed 207788K, reserved 1232896K
  class space    used 23452K, capacity 24193K, committed 24320K, reserved 1048576K
}
Event: 6066.119 GC heap before
{Heap before GC invocations=144 (full 0):
 garbage-first heap   total 337920K, used 270589K [0x0000000083200000, 0x0000000100000000)
  region size 1024K, 187 young (191488K), 10 survivors (10240K)
 Metaspace       used 204536K, capacity 207383K, committed 207788K, reserved 1232896K
  class space    used 23452K, capacity 24193K, committed 24320K, reserved 1048576K
}
Event: 6066.128 GC heap after
{Heap after GC invocations=145 (full 0):
 garbage-first heap   total 337920K, used 91274K [0x0000000083200000, 0x0000000100000000)
  region size 1024K, 10 young (10240K), 10 survivors (10240K)
 Metaspace       used 204536K, capacity 207383K, committed 207788K, reserved 1232896K
  class space    used 23452K, capacity 24193K, committed 24320K, reserved 1048576K
}
Event: 6066.686 GC heap before
{Heap before GC invocations=145 (full 0):
 garbage-first heap   total 337920K, used 272522K [0x0000000083200000, 0x0000000100000000)
  region size 1024K, 188 young (192512K), 10 survivors (10240K)
 Metaspace       used 205059K, capacity 207981K, committed 208300K, reserved 1232896K
  class space    used 23512K, capacity 24263K, committed 24320K, reserved 1048576K
}
Event: 6066.707 GC heap after
{Heap after GC invocations=146 (full 0):
 garbage-first heap   total 337920K, used 108440K [0x0000000083200000, 0x0000000100000000)
  region size 1024K, 24 young (24576K), 24 survivors (24576K)
 Metaspace       used 205059K, capacity 207981K, committed 208300K, reserved 1232896K
  class space    used 23512K, capacity 24263K, committed 24320K, reserved 1048576K
}
Event: 8108.750 GC heap before
{Heap before GC invocations=146 (full 0):
 garbage-first heap   total 337920K, used 265112K [0x0000000083200000, 0x0000000100000000)
  region size 1024K, 179 young (183296K), 24 survivors (24576K)
 Metaspace       used 212558K, capacity 215514K, committed 215724K, reserved 1239040K
  class space    used 24493K, capacity 25266K, committed 25344K, reserved 1048576K
}
Event: 8108.767 GC heap after
{Heap after GC invocations=147 (full 0):
 garbage-first heap   total 337920K, used 93799K [0x0000000083200000, 0x0000000100000000)
  region size 1024K, 7 young (7168K), 7 survivors (7168K)
 Metaspace       used 212558K, capacity 215514K, committed 215724K, reserved 1239040K
  class space    used 24493K, capacity 25266K, committed 25344K, reserved 1048576K
}
Event: 8109.068 GC heap before
{Heap before GC invocations=147 (full 0):
 garbage-first heap   total 337920K, used 265831K [0x0000000083200000, 0x0000000100000000)
  region size 1024K, 176 young (180224K), 7 survivors (7168K)
 Metaspace       used 212558K, capacity 215514K, committed 215724K, reserved 1239040K
  class space    used 24493K, capacity 25266K, committed 25344K, reserved 1048576K
}
Event: 8109.078 GC heap after
{Heap after GC invocations=148 (full 0):
 garbage-first heap   total 337920K, used 98303K [0x0000000083200000, 0x0000000100000000)
  region size 1024K, 11 young (11264K), 11 survivors (11264K)
 Metaspace       used 212558K, capacity 215514K, committed 215724K, reserved 1239040K
  class space    used 24493K, capacity 25266K, committed 25344K, reserved 1048576K
}
Event: 8109.226 GC heap before
{Heap before GC invocations=148 (full 0):
 garbage-first heap   total 337920K, used 269311K [0x0000000083200000, 0x0000000100000000)
  region size 1024K, 179 young (183296K), 11 survivors (11264K)
 Metaspace       used 212558K, capacity 215514K, committed 215724K, reserved 1239040K
  class space    used 24493K, capacity 25266K, committed 25344K, reserved 1048576K
}
Event: 8109.237 GC heap after
{Heap after GC invocations=149 (full 0):
 garbage-first heap   total 337920K, used 98394K [0x0000000083200000, 0x0000000100000000)
  region size 1024K, 11 young (11264K), 11 survivors (11264K)
 Metaspace       used 212558K, capacity 215514K, committed 215724K, reserved 1239040K
  class space    used 24493K, capacity 25266K, committed 25344K, reserved 1048576K
}
Event: 8109.412 GC heap before
{Heap before GC invocations=149 (full 0):
 garbage-first heap   total 337920K, used 272474K [0x0000000083200000, 0x0000000100000000)
  region size 1024K, 183 young (187392K), 11 survivors (11264K)
 Metaspace       used 212565K, capacity 215514K, committed 215724K, reserved 1239040K
  class space    used 24493K, capacity 25266K, committed 25344K, reserved 1048576K
}
Event: 8109.424 GC heap after
{Heap after GC invocations=150 (full 0):
 garbage-first heap   total 337920K, used 100455K [0x0000000083200000, 0x0000000100000000)
  region size 1024K, 13 young (13312K), 13 survivors (13312K)
 Metaspace       used 212565K, capacity 215514K, committed 215724K, reserved 1239040K
  class space    used 24493K, capacity 25266K, committed 25344K, reserved 1048576K
}
Event: 8110.821 GC heap before
{Heap before GC invocations=150 (full 0):
 garbage-first heap   total 337920K, used 273511K [0x0000000083200000, 0x0000000100000000)
  region size 1024K, 183 young (187392K), 13 survivors (13312K)
 Metaspace       used 218768K, capacity 221804K, committed 221868K, reserved 1245184K
  class space    used 25256K, capacity 26051K, committed 26112K, reserved 1048576K
}
Event: 8110.848 GC heap after
{Heap after GC invocations=151 (full 0):
 garbage-first heap   total 337920K, used 114065K [0x0000000083200000, 0x0000000100000000)
  region size 1024K, 23 young (23552K), 23 survivors (23552K)
 Metaspace       used 218768K, capacity 221804K, committed 221868K, reserved 1245184K
  class space    used 25256K, capacity 26051K, committed 26112K, reserved 1048576K
}
Event: 8975.142 GC heap before
{Heap before GC invocations=151 (full 0):
 garbage-first heap   total 337920K, used 267665K [0x0000000083200000, 0x0000000100000000)
  region size 1024K, 175 young (179200K), 23 survivors (23552K)
 Metaspace       used 227659K, capacity 230838K, committed 231084K, reserved 1253376K
  class space    used 26269K, capacity 27092K, committed 27136K, reserved 1048576K
}

Deoptimization events (20 events):
Event: 8107.973 Thread 0x000002620128c000 DEOPT PACKING pc=0x000002626b5d4801 sp=0x000000f91a9feff0
Event: 8107.973 Thread 0x000002620128c000 DEOPT UNPACKING pc=0x00000262692ca93f sp=0x000000f91a9fe548 mode 0
Event: 8109.878 Thread 0x000002620128c000 Uncommon trap: trap_request=0xffffff4d fr.pc=0x0000026270dd6ffc relative=0x000000000000005c
Event: 8109.878 Thread 0x000002620128c000 Uncommon trap: reason=unstable_if action=reinterpret pc=0x0000026270dd6ffc method=org.apache.tomcat.util.digester.Digester.getRules()Lorg/apache/tomcat/util/digester/Rules; @ 4 c2
Event: 8109.878 Thread 0x000002620128c000 DEOPT PACKING pc=0x0000026270dd6ffc sp=0x000000f91a9fea30
Event: 8109.878 Thread 0x000002620128c000 DEOPT UNPACKING pc=0x00000262692ca1a9 sp=0x000000f91a9fe9d0 mode 2
Event: 8110.850 Thread 0x000002627f1c3800 DEOPT PACKING pc=0x000002626a65ccc9 sp=0x000000f9188ff2d0
Event: 8110.850 Thread 0x000002627f1c3800 DEOPT UNPACKING pc=0x00000262692ca93f sp=0x000000f9188fe758 mode 0
Event: 8154.449 Thread 0x00000262016c5800 DEOPT PACKING pc=0x000002626b8dcbd3 sp=0x000000f919cfd0d0
Event: 8154.449 Thread 0x00000262016c5800 DEOPT UNPACKING pc=0x00000262692ca93f sp=0x000000f919cfc5a8 mode 0
Event: 8155.906 Thread 0x00000262016c5800 Uncommon trap: trap_request=0xffffff7e fr.pc=0x0000026271811bc4 relative=0x00000000000001a4
Event: 8155.906 Thread 0x00000262016c5800 Uncommon trap: reason=predicate action=maybe_recompile pc=0x0000026271811bc4 method=java.util.Arrays.fill([Ljava/lang/Object;Ljava/lang/Object;)V @ 7 c2
Event: 8155.906 Thread 0x00000262016c5800 DEOPT PACKING pc=0x0000026271811bc4 sp=0x000000f919cfb3c0
Event: 8155.906 Thread 0x00000262016c5800 DEOPT UNPACKING pc=0x00000262692ca1a9 sp=0x000000f919cfb378 mode 2
Event: 8156.282 Thread 0x00000262016c5800 DEOPT PACKING pc=0x000002626ac4a199 sp=0x000000f919cf9b50
Event: 8156.282 Thread 0x00000262016c5800 DEOPT UNPACKING pc=0x00000262692ca93f sp=0x000000f919cf9030 mode 0
Event: 8156.347 Thread 0x00000262016c5800 Uncommon trap: trap_request=0xffffff7e fr.pc=0x000002627183d47c relative=0x000000000000181c
Event: 8156.347 Thread 0x00000262016c5800 Uncommon trap: reason=predicate action=maybe_recompile pc=0x000002627183d47c method=java.util.TimSort.reverseRange([Ljava/lang/Object;II)V @ 5 c2
Event: 8156.347 Thread 0x00000262016c5800 DEOPT PACKING pc=0x000002627183d47c sp=0x000000f919cf9f70
Event: 8156.347 Thread 0x00000262016c5800 DEOPT UNPACKING pc=0x00000262692ca1a9 sp=0x000000f919cf9e30 mode 2

Classes redefined (0 events):
No events

Internal exceptions (20 events):
Event: 8975.062 Thread 0x0000026201288000 Exception <a 'sun/nio/fs/WindowsException'{0x000000008f966658}> (0x000000008f966658) thrown at [./src/hotspot/share/prims/jni.cpp, line 616]
Event: 8975.062 Thread 0x0000026201288000 Exception <a 'sun/nio/fs/WindowsException'{0x000000008f968138}> (0x000000008f968138) thrown at [./src/hotspot/share/prims/jni.cpp, line 616]
Event: 8975.063 Thread 0x0000026201288000 Exception <a 'sun/nio/fs/WindowsException'{0x000000008f9684f8}> (0x000000008f9684f8) thrown at [./src/hotspot/share/prims/jni.cpp, line 616]
Event: 8975.063 Thread 0x0000026201288000 Exception <a 'sun/nio/fs/WindowsException'{0x000000008f968830}> (0x000000008f968830) thrown at [./src/hotspot/share/prims/jni.cpp, line 616]
Event: 8975.063 Thread 0x0000026201288000 Exception <a 'sun/nio/fs/WindowsException'{0x000000008f9689a0}> (0x000000008f9689a0) thrown at [./src/hotspot/share/prims/jni.cpp, line 616]
Event: 8975.063 Thread 0x0000026201288000 Exception <a 'sun/nio/fs/WindowsException'{0x000000008f969038}> (0x000000008f969038) thrown at [./src/hotspot/share/prims/jni.cpp, line 616]
Event: 8975.063 Thread 0x0000026201288000 Exception <a 'sun/nio/fs/WindowsException'{0x000000008f9693e0}> (0x000000008f9693e0) thrown at [./src/hotspot/share/prims/jni.cpp, line 616]
Event: 8975.063 Thread 0x0000026201288000 Exception <a 'sun/nio/fs/WindowsException'{0x000000008f975010}> (0x000000008f975010) thrown at [./src/hotspot/share/prims/jni.cpp, line 616]
Event: 8975.064 Thread 0x0000026201288000 Exception <a 'sun/nio/fs/WindowsException'{0x000000008f9771b8}> (0x000000008f9771b8) thrown at [./src/hotspot/share/prims/jni.cpp, line 616]
Event: 8975.064 Thread 0x0000026201288000 Exception <a 'sun/nio/fs/WindowsException'{0x000000008f9777b0}> (0x000000008f9777b0) thrown at [./src/hotspot/share/prims/jni.cpp, line 616]
Event: 8975.064 Thread 0x0000026201288000 Exception <a 'sun/nio/fs/WindowsException'{0x000000008f977c80}> (0x000000008f977c80) thrown at [./src/hotspot/share/prims/jni.cpp, line 616]
Event: 8975.064 Thread 0x0000026201288000 Exception <a 'sun/nio/fs/WindowsException'{0x000000008f977fb8}> (0x000000008f977fb8) thrown at [./src/hotspot/share/prims/jni.cpp, line 616]
Event: 8975.064 Thread 0x0000026201288000 Exception <a 'sun/nio/fs/WindowsException'{0x000000008f978150}> (0x000000008f978150) thrown at [./src/hotspot/share/prims/jni.cpp, line 616]
Event: 8975.064 Thread 0x0000026201288000 Exception <a 'sun/nio/fs/WindowsException'{0x000000008f9787f8}> (0x000000008f9787f8) thrown at [./src/hotspot/share/prims/jni.cpp, line 616]
Event: 8975.107 Thread 0x0000026201284800 Exception <a 'sun/nio/fs/WindowsException'{0x0000000091105598}> (0x0000000091105598) thrown at [./src/hotspot/share/prims/jni.cpp, line 616]
Event: 8975.110 Thread 0x0000026201284800 Exception <a 'sun/nio/fs/WindowsException'{0x0000000091108868}> (0x0000000091108868) thrown at [./src/hotspot/share/prims/jni.cpp, line 616]
Event: 8975.112 Thread 0x0000026201284800 Exception <a 'sun/nio/fs/WindowsException'{0x000000009110bfa8}> (0x000000009110bfa8) thrown at [./src/hotspot/share/prims/jni.cpp, line 616]
Event: 8975.113 Thread 0x0000026201284800 Exception <a 'sun/nio/fs/WindowsException'{0x000000009110fd18}> (0x000000009110fd18) thrown at [./src/hotspot/share/prims/jni.cpp, line 616]
Event: 8975.117 Thread 0x0000026201284800 Exception <a 'sun/nio/fs/WindowsException'{0x00000000911153f8}> (0x00000000911153f8) thrown at [./src/hotspot/share/prims/jni.cpp, line 616]
Event: 8975.119 Thread 0x0000026201284800 Exception <a 'sun/nio/fs/WindowsException'{0x0000000091119e50}> (0x0000000091119e50) thrown at [./src/hotspot/share/prims/jni.cpp, line 616]

Events (20 events):
Event: 8975.047 loading class sun/net/www/protocol/c/Handler
Event: 8975.047 loading class sun/net/www/protocol/c/Handler done
Event: 8975.050 loading class sun/net/www/protocol/c/Handler
Event: 8975.050 loading class sun/net/www/protocol/c/Handler done
Event: 8975.052 loading class sun/net/www/protocol/c/Handler
Event: 8975.052 loading class sun/net/www/protocol/c/Handler done
Event: 8975.054 loading class sun/net/www/protocol/c/Handler
Event: 8975.054 loading class sun/net/www/protocol/c/Handler done
Event: 8975.055 loading class sun/net/www/protocol/c/Handler
Event: 8975.055 loading class sun/net/www/protocol/c/Handler done
Event: 8975.057 loading class sun/net/www/protocol/c/Handler
Event: 8975.057 loading class sun/net/www/protocol/c/Handler done
Event: 8975.101 Thread 0x0000026201284000 Thread added: 0x0000026201284000
Event: 8975.113 Thread 0x000002620128b000 Thread added: 0x000002620128b000
Event: 8975.130 Thread 0x000002620128f000 Thread added: 0x000002620128f000
Event: 8975.130 Thread 0x0000026201281800 Thread exited: 0x0000026201281800
Event: 8975.139 Thread 0x0000026201281800 Thread added: 0x0000026201281800
Event: 8975.140 Executing VM operation: G1CollectForAllocation
Event: 8975.141 Executing VM operation: G1CollectForAllocation done
Event: 8975.141 Executing VM operation: G1CollectForAllocation


Dynamic libraries:
0x00007ff7bff30000 - 0x00007ff7bff3d000 	C:\Program Files\Eclipse Adoptium\jdk-11.0.13.8-hotspot\bin\java.exe
0x00007ffabbdd0000 - 0x00007ffabbfc5000 	C:\WINDOWS\SYSTEM32\ntdll.dll
0x00007ffab9e20000 - 0x00007ffab9ede000 	C:\WINDOWS\System32\KERNEL32.DLL
0x00007ffab9b50000 - 0x00007ffab9e18000 	C:\WINDOWS\System32\KERNELBASE.dll
0x00007ffab9890000 - 0x00007ffab9990000 	C:\WINDOWS\System32\ucrtbase.dll
0x00007ffab3b50000 - 0x00007ffab3b65000 	C:\Program Files\Eclipse Adoptium\jdk-11.0.13.8-hotspot\bin\VCRUNTIME140.dll
0x00007ffab3b90000 - 0x00007ffab3ba7000 	C:\Program Files\Eclipse Adoptium\jdk-11.0.13.8-hotspot\bin\jli.dll
0x00007ffaba870000 - 0x00007ffabaa10000 	C:\WINDOWS\System32\USER32.dll
0x00007ffab9860000 - 0x00007ffab9882000 	C:\WINDOWS\System32\win32u.dll
0x00007ffaa9400000 - 0x00007ffaa969a000 	C:\WINDOWS\WinSxS\amd64_microsoft.windows.common-controls_6595b64144ccf1df_6.0.19041.1110_none_60b5254171f9507e\COMCTL32.dll
0x00007ffabbd60000 - 0x00007ffabbd8b000 	C:\WINDOWS\System32\GDI32.dll
0x00007ffabb080000 - 0x00007ffabb11e000 	C:\WINDOWS\System32\msvcrt.dll
0x00007ffab9750000 - 0x00007ffab985d000 	C:\WINDOWS\System32\gdi32full.dll
0x00007ffab9640000 - 0x00007ffab96dd000 	C:\WINDOWS\System32\msvcp_win.dll
0x00007ffabad30000 - 0x00007ffabad60000 	C:\WINDOWS\System32\IMM32.DLL
0x00007ffaabae0000 - 0x00007ffaabb7b000 	C:\Program Files\Eclipse Adoptium\jdk-11.0.13.8-hotspot\bin\msvcp140.dll
0x00007ffa7bca0000 - 0x00007ffa7c81e000 	C:\Program Files\Eclipse Adoptium\jdk-11.0.13.8-hotspot\bin\server\jvm.dll
0x00007ffabac60000 - 0x00007ffabad0e000 	C:\WINDOWS\System32\ADVAPI32.dll
0x00007ffabb290000 - 0x00007ffabb32c000 	C:\WINDOWS\System32\sechost.dll
0x00007ffabab30000 - 0x00007ffabac55000 	C:\WINDOWS\System32\RPCRT4.dll
0x00007ffabbd50000 - 0x00007ffabbd58000 	C:\WINDOWS\System32\PSAPI.DLL
0x00007ffaaa8a0000 - 0x00007ffaaa8c7000 	C:\WINDOWS\SYSTEM32\WINMM.dll
0x00007ffab2f80000 - 0x00007ffab2f8a000 	C:\WINDOWS\SYSTEM32\VERSION.dll
0x00007ffab5080000 - 0x00007ffab5089000 	C:\WINDOWS\SYSTEM32\WSOCK32.dll
0x00007ffabaf80000 - 0x00007ffabafeb000 	C:\WINDOWS\System32\WS2_32.dll
0x00007ffab73f0000 - 0x00007ffab7402000 	C:\WINDOWS\SYSTEM32\kernel.appcore.dll
0x00007ffab6ab0000 - 0x00007ffab6ac0000 	C:\Program Files\Eclipse Adoptium\jdk-11.0.13.8-hotspot\bin\verify.dll
0x00007ffab07a0000 - 0x00007ffab0984000 	C:\WINDOWS\SYSTEM32\DBGHELP.DLL
0x00007ffab0740000 - 0x00007ffab076c000 	C:\WINDOWS\SYSTEM32\dbgcore.DLL
0x00007ffab9a70000 - 0x00007ffab9af2000 	C:\WINDOWS\System32\bcryptPrimitives.dll
0x00007ffaabc30000 - 0x00007ffaabc58000 	C:\Program Files\Eclipse Adoptium\jdk-11.0.13.8-hotspot\bin\java.dll
0x00007ffab6a80000 - 0x00007ffab6a8a000 	C:\Program Files\Eclipse Adoptium\jdk-11.0.13.8-hotspot\bin\jimage.dll
0x00007ffab5060000 - 0x00007ffab506e000 	C:\Program Files\Eclipse Adoptium\jdk-11.0.13.8-hotspot\bin\instrument.dll
0x00007ffaad6a0000 - 0x00007ffaad6b7000 	C:\Program Files\Eclipse Adoptium\jdk-11.0.13.8-hotspot\bin\zip.dll
0x00007ffab9ee0000 - 0x00007ffaba624000 	C:\WINDOWS\System32\SHELL32.dll
0x00007ffab75f0000 - 0x00007ffab7d84000 	C:\WINDOWS\SYSTEM32\windows.storage.dll
0x00007ffabb990000 - 0x00007ffabbce5000 	C:\WINDOWS\System32\combase.dll
0x00007ffab8e60000 - 0x00007ffab8e8e000 	C:\WINDOWS\SYSTEM32\Wldp.dll
0x00007ffabb180000 - 0x00007ffabb22d000 	C:\WINDOWS\System32\SHCORE.dll
0x00007ffabad70000 - 0x00007ffabadc5000 	C:\WINDOWS\System32\shlwapi.dll
0x00007ffab9420000 - 0x00007ffab943f000 	C:\WINDOWS\SYSTEM32\profapi.dll
0x00007ffaabc10000 - 0x00007ffaabc29000 	C:\Program Files\Eclipse Adoptium\jdk-11.0.13.8-hotspot\bin\net.dll
0x00007ffaaf280000 - 0x00007ffaaf38c000 	C:\WINDOWS\SYSTEM32\WINHTTP.dll
0x00007ffab8bc0000 - 0x00007ffab8c2a000 	C:\WINDOWS\system32\mswsock.dll
0x00007ffaabbf0000 - 0x00007ffaabc02000 	C:\Program Files\Eclipse Adoptium\jdk-11.0.13.8-hotspot\bin\nio.dll
0x00007ffaabac0000 - 0x00007ffaabada000 	C:\Program Files\JetBrains\IntelliJ IDEA 2022.1\bin\breakgen64.dll
0x00007ffab8db0000 - 0x00007ffab8dc8000 	C:\WINDOWS\SYSTEM32\CRYPTSP.dll
0x00007ffab8540000 - 0x00007ffab8574000 	C:\WINDOWS\system32\rsaenh.dll
0x00007ffab9a40000 - 0x00007ffab9a67000 	C:\WINDOWS\System32\bcrypt.dll
0x00007ffab93e0000 - 0x00007ffab940e000 	C:\WINDOWS\SYSTEM32\USERENV.dll
0x00007ffab8dd0000 - 0x00007ffab8ddc000 	C:\WINDOWS\SYSTEM32\CRYPTBASE.dll
0x00007ffab88b0000 - 0x00007ffab88eb000 	C:\WINDOWS\SYSTEM32\IPHLPAPI.DLL
0x00007ffaba630000 - 0x00007ffaba638000 	C:\WINDOWS\System32\NSI.dll
0x00007ffab17d0000 - 0x00007ffab17e7000 	C:\WINDOWS\SYSTEM32\dhcpcsvc6.DLL
0x00007ffab2f90000 - 0x00007ffab2fad000 	C:\WINDOWS\SYSTEM32\dhcpcsvc.DLL
0x00007ffab88f0000 - 0x00007ffab89bb000 	C:\WINDOWS\SYSTEM32\DNSAPI.dll
0x00007ffab4f70000 - 0x00007ffab4f7a000 	C:\Users\CDS\AppData\Local\Temp\jansi-1.17.1-9992692145492746889.dll
0x00007ffab40f0000 - 0x00007ffab40fa000 	C:\Users\CDS\AppData\Local\Temp\jansi-1.17.1-7120376306519368181.dll
0x00007ffaad5d0000 - 0x00007ffaad5d9000 	C:\Program Files\Eclipse Adoptium\jdk-11.0.13.8-hotspot\bin\management.dll
0x00007ffaabf90000 - 0x00007ffaabf9b000 	C:\Program Files\Eclipse Adoptium\jdk-11.0.13.8-hotspot\bin\management_ext.dll
0x00007ffa98b50000 - 0x00007ffa98b67000 	C:\WINDOWS\system32\napinsp.dll
0x00007ffa98b30000 - 0x00007ffa98b4b000 	C:\WINDOWS\system32\pnrpnsp.dll
0x00007ffa98b10000 - 0x00007ffa98b25000 	C:\WINDOWS\system32\wshbth.dll
0x00007ffab4ed0000 - 0x00007ffab4eed000 	C:\WINDOWS\system32\NLAapi.dll
0x00007ffa98590000 - 0x00007ffa985a2000 	C:\WINDOWS\System32\winrnr.dll
0x00007ffa9f8f0000 - 0x00007ffa9f8fa000 	C:\Windows\System32\rasadhlp.dll
0x00007ffaa96a0000 - 0x00007ffaa971f000 	C:\WINDOWS\System32\fwpuclnt.dll

dbghelp: loaded successfully - version: 4.0.5 - missing functions: none
symbol engine: initialized successfully - sym options: 0x614 - pdb path: .;C:\Program Files\Eclipse Adoptium\jdk-11.0.13.8-hotspot\bin;C:\WINDOWS\SYSTEM32;C:\WINDOWS\WinSxS\amd64_microsoft.windows.common-controls_6595b64144ccf1df_6.0.19041.1110_none_60b5254171f9507e;C:\Program Files\Eclipse Adoptium\jdk-11.0.13.8-hotspot\bin\server;C:\Program Files\JetBrains\IntelliJ IDEA 2022.1\bin;C:\Users\CDS\AppData\Local\Temp

VM Arguments:
jvm_args: -Dmaven.multiModuleProjectDirectory=C:\Users\CDS\Documents\CDS-ProyectoStruts2 -Dmaven.home=C:\Program Files\JetBrains\IntelliJ IDEA 2022.1\plugins\maven\lib\maven3 -Dclassworlds.conf=C:\Program Files\JetBrains\IntelliJ IDEA 2022.1\plugins\maven\lib\maven3\bin\m2.conf -Dmaven.ext.class.path=C:\Program Files\JetBrains\IntelliJ IDEA 2022.1\plugins\maven\lib\maven-event-listener.jar -javaagent:C:\Program Files\JetBrains\IntelliJ IDEA 2022.1\lib\idea_rt.jar=63186:C:\Program Files\JetBrains\IntelliJ IDEA 2022.1\bin -Dfile.encoding=UTF-8 
java_command: org.codehaus.classworlds.Launcher -Didea.version=2022.1 jetty:run
java_class_path (initial): C:\Program Files\JetBrains\IntelliJ IDEA 2022.1\plugins\maven\lib\maven3\boot\plexus-classworlds-2.6.0.jar;C:\Program Files\JetBrains\IntelliJ IDEA 2022.1\plugins\maven\lib\maven3\boot\plexus-classworlds.license
Launcher Type: SUN_STANDARD

[Global flags]
     intx CICompilerCount                          = 3                                         {product} {ergonomic}
     uint ConcGCThreads                            = 1                                         {product} {ergonomic}
     uint G1ConcRefinementThreads                  = 4                                         {product} {ergonomic}
   size_t G1HeapRegionSize                         = 1048576                                   {product} {ergonomic}
    uintx GCDrainStackTargetSize                   = 64                                        {product} {ergonomic}
   size_t InitialHeapSize                          = 132120576                                 {product} {ergonomic}
   size_t MarkStackSize                            = 4194304                                   {product} {ergonomic}
   size_t MaxHeapSize                              = 2095054848                                {product} {ergonomic}
   size_t MaxNewSize                               = 1256194048                                {product} {ergonomic}
   size_t MinHeapDeltaBytes                        = 1048576                                   {product} {ergonomic}
    uintx NonNMethodCodeHeapSize                   = 5830732                                {pd product} {ergonomic}
    uintx NonProfiledCodeHeapSize                  = 122913754                              {pd product} {ergonomic}
    uintx ProfiledCodeHeapSize                     = 122913754                              {pd product} {ergonomic}
    uintx ReservedCodeCacheSize                    = 251658240                              {pd product} {ergonomic}
     bool SegmentedCodeCache                       = true                                      {product} {ergonomic}
     bool UseCompressedClassPointers               = true                                 {lp64_product} {ergonomic}
     bool UseCompressedOops                        = true                                 {lp64_product} {ergonomic}
     bool UseG1GC                                  = true                                      {product} {ergonomic}
     bool UseLargePagesIndividualAllocation        = false                                  {pd product} {ergonomic}

Logging:
Log output configuration:
 #0: stdout all=warning uptime,level,tags
 #1: stderr all=off uptime,level,tags

Environment Variables:
PATH=C:\Python310\Scripts\;C:\Python310\;C:\Program Files\Eclipse Adoptium\jdk-11.0.13.8-hotspot\bin;C:\WINDOWS\system32;C:\WINDOWS;C:\WINDOWS\System32\Wbem;C:\WINDOWS\System32\WindowsPowerShell\v1.0\;C:\WINDOWS\System32\OpenSSH\;C:\Program Files\Git\cmd;C:\Program Files\nodejs\;C:\ProgramData\chocolatey\bin;C:\Program Files\MySQL\MySQL Shell 8.0\bin\;C:\Users\CDS\AppData\Local\Microsoft\WindowsApps;;C:\Users\CDS\AppData\Local\Programs\Microsoft VS Code\bin;C:\Users\CDS\AppData\Roaming\npm;C:\tools\dart-sdk\bin;C:\Users\CDS\AppData\Roaming\Pub\Cache\bin
USERNAME=CDS
OS=Windows_NT
PROCESSOR_IDENTIFIER=Intel64 Family 6 Model 37 Stepping 5, GenuineIntel



---------------  S Y S T E M  ---------------

OS: Windows 10 , 64 bit Build 19041 (10.0.19041.1503)
OS uptime: 6 days 4:02 hours

CPU:total 4 (initial active 4) (2 cores per cpu, 2 threads per core) family 6 model 37 stepping 5 microcode 0x7, cmov, cx8, fxsr, mmx, sse, sse2, sse3, ssse3, sse4.1, sse4.2, popcnt, ht, tsc, tscinvbit

Memory: 4k page, system-wide physical 7991M (1803M free)
TotalPageFile size 10586M (AvailPageFile size 1767M)
current process WorkingSet (physical memory assigned to process): 460M, peak: 713M
current process commit charge ("private bytes"): 815M, peak: 840M

vm_info: OpenJDK 64-Bit Server VM (11.0.13+8) for windows-amd64 JRE (11.0.13+8), built on Oct 19 2021 17:05:59 by "" with unknown MS VC++:1916

END.
